-- The C compiler identification is GNU 11.4.0
-- The CXX compiler identification is GNU 11.4.0
-- Detecting C compiler ABI info
-- Detecting C compiler ABI info - done
-- Check for working C compiler: /usr/bin/cc - skipped
-- Detecting C compile features
-- Detecting C compile features - done
-- Detecting CXX compiler ABI info
-- Detecting CXX compiler ABI info - done
-- Check for working CXX compiler: /usr/bin/c++ - skipped
-- Detecting CXX compile features
-- Detecting CXX compile features - done
-- Found ament_cmake: 1.3.11 (/opt/ros/humble/share/ament_cmake/cmake)
-- Found Python3: /usr/bin/python3 (found version "3.10.12") found components: Interpreter 
-- Override CMake install command with custom implementation using symlinks instead of copying resources
-- Found rclpy: 3.3.15 (/opt/ros/humble/share/rclpy/cmake)
-- Found std_msgs: 4.2.4 (/opt/ros/humble/share/std_msgs/cmake)
-- Found rosidl_generator_c: 3.1.6 (/opt/ros/humble/share/rosidl_generator_c/cmake)
-- Found rosidl_adapter: 3.1.6 (/opt/ros/humble/share/rosidl_adapter/cmake)
-- Found rosidl_generator_cpp: 3.1.6 (/opt/ros/humble/share/rosidl_generator_cpp/cmake)
-- Using all available rosidl_typesupport_c: rosidl_typesupport_fastrtps_c;rosidl_typesupport_introspection_c
-- Using all available rosidl_typesupport_cpp: rosidl_typesupport_fastrtps_cpp;rosidl_typesupport_introspection_cpp
-- Found geometry_msgs: 4.2.4 (/opt/ros/humble/share/geometry_msgs/cmake)
-- Found rclcpp: 16.0.11 (/opt/ros/humble/share/rclcpp/cmake)
-- Found rmw_implementation_cmake: 6.1.2 (/opt/ros/humble/share/rmw_implementation_cmake/cmake)
-- Found rmw_fastrtps_cpp: 6.2.7 (/opt/ros/humble/share/rmw_fastrtps_cpp/cmake)
-- Found OpenSSL: /usr/lib/x86_64-linux-gnu/libcrypto.so (found version "3.0.2")  
-- Found FastRTPS: /opt/ros/humble/include  
-- Using RMW implementation 'rmw_fastrtps_cpp' as default
-- Looking for pthread.h
-- Looking for pthread.h - found
-- Performing Test CMAKE_HAVE_LIBC_PTHREAD
-- Performing Test CMAKE_HAVE_LIBC_PTHREAD - Success
-- Found Threads: TRUE  
-- Found ament_lint_auto: 0.12.11 (/opt/ros/humble/share/ament_lint_auto/cmake)
-- Added test 'cppcheck' to perform static code analysis on C / C++ code
-- Configured cppcheck include dirs: /home/wufy/ros2_ws/src/myrobot_controller/include
-- Configured cppcheck exclude dirs and/or files: 
-- Added test 'flake8' to check Python code syntax and style conventions
-- Added test 'lint_cmake' to check CMake code style
-- Added test 'pep257' to check Python code against some of the docstring style conventions in PEP 257
-- Added test 'uncrustify' to check C / C++ code style
-- Configured uncrustify additional arguments: 
-- Added test 'xmllint' to check XML markup files
-- Configuring done
-- Generating done
-- Build files have been written to: /home/wufy/ros2_ws/build/myrobot_controller
[ 50%] [32mBuilding CXX object CMakeFiles/simple_controller.dir/src/simple_controller.cpp.o[0m
[ 50%] Built target ament_cmake_python_symlink_myrobot_controller
running egg_info
creating myrobot_controller.egg-info
writing myrobot_controller.egg-info/PKG-INFO
writing dependency_links to myrobot_controller.egg-info/dependency_links.txt
writing top-level names to myrobot_controller.egg-info/top_level.txt
writing manifest file 'myrobot_controller.egg-info/SOURCES.txt'
reading manifest file 'myrobot_controller.egg-info/SOURCES.txt'
writing manifest file 'myrobot_controller.egg-info/SOURCES.txt'
[ 50%] Built target ament_cmake_python_build_myrobot_controller_egg
[100%] [32m[1mLinking CXX executable simple_controller[0m
[100%] Built target simple_controller
-- Install configuration: ""
-- Execute custom install script
-- Symlinking: /home/wufy/ros2_ws/install/myrobot_controller/share/myrobot_controller/environment/pythonpath.sh
-- Symlinking: /home/wufy/ros2_ws/install/myrobot_controller/share/myrobot_controller/environment/pythonpath.dsv
-- Symlinking: /home/wufy/ros2_ws/install/myrobot_controller/local/lib/python3.10/dist-packages/myrobot_controller-0.0.0-py3.10.egg-info/PKG-INFO
-- Symlinking: /home/wufy/ros2_ws/install/myrobot_controller/local/lib/python3.10/dist-packages/myrobot_controller-0.0.0-py3.10.egg-info/SOURCES.txt
-- Symlinking: /home/wufy/ros2_ws/install/myrobot_controller/local/lib/python3.10/dist-packages/myrobot_controller-0.0.0-py3.10.egg-info/dependency_links.txt
-- Symlinking: /home/wufy/ros2_ws/install/myrobot_controller/local/lib/python3.10/dist-packages/myrobot_controller-0.0.0-py3.10.egg-info/top_level.txt
-- Symlinking: /home/wufy/ros2_ws/install/myrobot_controller/local/lib/python3.10/dist-packages/myrobot_controller/__init__.py
-- Symlinking: /home/wufy/ros2_ws/install/myrobot_controller/local/lib/python3.10/dist-packages/myrobot_controller/read_imu_yaw.py
-- Symlinking: /home/wufy/ros2_ws/install/myrobot_controller/local/lib/python3.10/dist-packages/myrobot_controller/read_laser copy.py
-- Symlinking: /home/wufy/ros2_ws/install/myrobot_controller/local/lib/python3.10/dist-packages/myrobot_controller/read_laser.py
-- Symlinking: /home/wufy/ros2_ws/install/myrobot_controller/local/lib/python3.10/dist-packages/myrobot_controller/simple_controller.py
-- Symlinking: /home/wufy/ros2_ws/install/myrobot_controller/local/lib/python3.10/dist-packages/myrobot_controller/test_cmd.py
-- Symlinking: /home/wufy/ros2_ws/install/myrobot_controller/include/include/myrobot_controller/simple_controller.hpp
-- Symlinking: /home/wufy/ros2_ws/install/myrobot_controller/lib/myrobot_controller/simple_controller
-- Symlinking: /home/wufy/ros2_ws/install/myrobot_controller/share/myrobot_controller/config/joy_config.yaml
-- Symlinking: /home/wufy/ros2_ws/install/myrobot_controller/share/myrobot_controller/config/joy_teleop.yaml
-- Symlinking: /home/wufy/ros2_ws/install/myrobot_controller/share/myrobot_controller/config/myrobot_controllers.yaml
-- Symlinking: /home/wufy/ros2_ws/install/myrobot_controller/share/myrobot_controller/launch/controller.launch.py
-- Symlinking: /home/wufy/ros2_ws/install/myrobot_controller/share/myrobot_controller/launch/joystick_teleop.launch.py
-- Symlinking: /home/wufy/ros2_ws/install/myrobot_controller/lib/myrobot_controller/simple_controller.py
-- Symlinking: /home/wufy/ros2_ws/install/myrobot_controller/share/ament_index/resource_index/package_run_dependencies/myrobot_controller
-- Symlinking: /home/wufy/ros2_ws/install/myrobot_controller/share/ament_index/resource_index/parent_prefix_path/myrobot_controller
-- Symlinking: /home/wufy/ros2_ws/install/myrobot_controller/share/myrobot_controller/environment/ament_prefix_path.sh
-- Symlinking: /home/wufy/ros2_ws/install/myrobot_controller/share/myrobot_controller/environment/ament_prefix_path.dsv
-- Symlinking: /home/wufy/ros2_ws/install/myrobot_controller/share/myrobot_controller/environment/path.sh
-- Symlinking: /home/wufy/ros2_ws/install/myrobot_controller/share/myrobot_controller/environment/path.dsv
-- Symlinking: /home/wufy/ros2_ws/install/myrobot_controller/share/myrobot_controller/local_setup.bash
-- Symlinking: /home/wufy/ros2_ws/install/myrobot_controller/share/myrobot_controller/local_setup.sh
-- Symlinking: /home/wufy/ros2_ws/install/myrobot_controller/share/myrobot_controller/local_setup.zsh
-- Symlinking: /home/wufy/ros2_ws/install/myrobot_controller/share/myrobot_controller/local_setup.dsv
-- Symlinking: /home/wufy/ros2_ws/install/myrobot_controller/share/myrobot_controller/package.dsv
-- Symlinking: /home/wufy/ros2_ws/install/myrobot_controller/share/ament_index/resource_index/packages/myrobot_controller
-- Symlinking: /home/wufy/ros2_ws/install/myrobot_controller/share/myrobot_controller/cmake/myrobot_controllerConfig.cmake
-- Symlinking: /home/wufy/ros2_ws/install/myrobot_controller/share/myrobot_controller/cmake/myrobot_controllerConfig-version.cmake
-- Symlinking: /home/wufy/ros2_ws/install/myrobot_controller/share/myrobot_controller/package.xml
Listing '/home/wufy/ros2_ws/install/myrobot_controller/local/lib/python3.10/dist-packages/myrobot_controller'...
Compiling '/home/wufy/ros2_ws/install/myrobot_controller/local/lib/python3.10/dist-packages/myrobot_controller/__init__.py'...
Compiling '/home/wufy/ros2_ws/install/myrobot_controller/local/lib/python3.10/dist-packages/myrobot_controller/read_imu_yaw.py'...
Compiling '/home/wufy/ros2_ws/install/myrobot_controller/local/lib/python3.10/dist-packages/myrobot_controller/read_laser copy.py'...
Compiling '/home/wufy/ros2_ws/install/myrobot_controller/local/lib/python3.10/dist-packages/myrobot_controller/read_laser.py'...
Compiling '/home/wufy/ros2_ws/install/myrobot_controller/local/lib/python3.10/dist-packages/myrobot_controller/simple_controller.py'...
Compiling '/home/wufy/ros2_ws/install/myrobot_controller/local/lib/python3.10/dist-packages/myrobot_controller/test_cmd.py'...
