[0.008s] Invoking command in '/home/wufy/ros2_ws/build/myrobot_controller': CMAKE_PREFIX_PATH=${CMAKE_PREFIX_PATH}:/opt/ros/humble /usr/bin/cmake /home/wufy/ros2_ws/src/myrobot_controller -DAMENT_CMAKE_SYMLINK_INSTALL=1 -DCMAKE_INSTALL_PREFIX=/home/wufy/ros2_ws/install/myrobot_controller
[0.077s] -- The C compiler identification is GNU 11.4.0
[0.137s] -- The CXX compiler identification is GNU 11.4.0
[0.145s] -- Detecting C compiler ABI info
[0.205s] -- Detecting C compiler ABI info - done
[0.210s] -- Check for working C compiler: /usr/bin/cc - skipped
[0.210s] -- Detecting C compile features
[0.210s] -- Detecting C compile features - done
[0.213s] -- Detecting CXX compiler ABI info
[0.281s] -- Detecting CXX compiler ABI info - done
[0.285s] -- Check for working CXX compiler: /usr/bin/c++ - skipped
[0.286s] -- Detecting CXX compile features
[0.286s] -- Detecting CXX compile features - done
[0.289s] -- Found ament_cmake: 1.3.11 (/opt/ros/humble/share/ament_cmake/cmake)
[0.408s] -- Found Python3: /usr/bin/python3 (found version "3.10.12") found components: Interpreter 
[0.471s] -- Override CMake install command with custom implementation using symlinks instead of copying resources
[0.499s] -- Found rclpy: 3.3.15 (/opt/ros/humble/share/rclpy/cmake)
[0.500s] -- Found std_msgs: 4.2.4 (/opt/ros/humble/share/std_msgs/cmake)
[0.536s] -- Found rosidl_generator_c: 3.1.6 (/opt/ros/humble/share/rosidl_generator_c/cmake)
[0.542s] -- Found rosidl_adapter: 3.1.6 (/opt/ros/humble/share/rosidl_adapter/cmake)
[0.549s] -- Found rosidl_generator_cpp: 3.1.6 (/opt/ros/humble/share/rosidl_generator_cpp/cmake)
[0.562s] -- Using all available rosidl_typesupport_c: rosidl_typesupport_fastrtps_c;rosidl_typesupport_introspection_c
[0.575s] -- Using all available rosidl_typesupport_cpp: rosidl_typesupport_fastrtps_cpp;rosidl_typesupport_introspection_cpp
[0.596s] -- Found geometry_msgs: 4.2.4 (/opt/ros/humble/share/geometry_msgs/cmake)
[0.610s] -- Found rclcpp: 16.0.11 (/opt/ros/humble/share/rclcpp/cmake)
[0.646s] -- Found rmw_implementation_cmake: 6.1.2 (/opt/ros/humble/share/rmw_implementation_cmake/cmake)
[0.649s] -- Found rmw_fastrtps_cpp: 6.2.7 (/opt/ros/humble/share/rmw_fastrtps_cpp/cmake)
[0.739s] -- Found OpenSSL: /usr/lib/x86_64-linux-gnu/libcrypto.so (found version "3.0.2")  
[0.766s] -- Found FastRTPS: /opt/ros/humble/include  
[0.806s] -- Using RMW implementation 'rmw_fastrtps_cpp' as default
[0.817s] -- Looking for pthread.h
[0.882s] -- Looking for pthread.h - found
[0.882s] -- Performing Test CMAKE_HAVE_LIBC_PTHREAD
[0.957s] -- Performing Test CMAKE_HAVE_LIBC_PTHREAD - Success
[0.958s] -- Found Threads: TRUE  
[1.086s] -- Found ament_lint_auto: 0.12.11 (/opt/ros/humble/share/ament_lint_auto/cmake)
[1.166s] -- Added test 'cppcheck' to perform static code analysis on C / C++ code
[1.167s] -- Configured cppcheck include dirs: /home/wufy/ros2_ws/src/myrobot_controller/include
[1.167s] -- Configured cppcheck exclude dirs and/or files: 
[1.167s] -- Added test 'flake8' to check Python code syntax and style conventions
[1.168s] -- Added test 'lint_cmake' to check CMake code style
[1.169s] -- Added test 'pep257' to check Python code against some of the docstring style conventions in PEP 257
[1.170s] -- Added test 'uncrustify' to check C / C++ code style
[1.170s] -- Configured uncrustify additional arguments: 
[1.170s] -- Added test 'xmllint' to check XML markup files
[1.171s] -- Configuring done
[1.182s] -- Generating done
[1.186s] -- Build files have been written to: /home/wufy/ros2_ws/build/myrobot_controller
[1.198s] Invoked command in '/home/wufy/ros2_ws/build/myrobot_controller' returned '0': CMAKE_PREFIX_PATH=${CMAKE_PREFIX_PATH}:/opt/ros/humble /usr/bin/cmake /home/wufy/ros2_ws/src/myrobot_controller -DAMENT_CMAKE_SYMLINK_INSTALL=1 -DCMAKE_INSTALL_PREFIX=/home/wufy/ros2_ws/install/myrobot_controller
[1.200s] Invoking command in '/home/wufy/ros2_ws/build/myrobot_controller': CMAKE_PREFIX_PATH=${CMAKE_PREFIX_PATH}:/opt/ros/humble /usr/bin/cmake --build /home/wufy/ros2_ws/build/myrobot_controller -- -j16 -l16
[1.250s] [ 50%] [32mBuilding CXX object CMakeFiles/simple_controller.dir/src/simple_controller.cpp.o[0m
[1.258s] [ 50%] Built target ament_cmake_python_symlink_myrobot_controller
[1.464s] running egg_info
[1.465s] creating myrobot_controller.egg-info
[1.465s] writing myrobot_controller.egg-info/PKG-INFO
[1.465s] writing dependency_links to myrobot_controller.egg-info/dependency_links.txt
[1.465s] writing top-level names to myrobot_controller.egg-info/top_level.txt
[1.465s] writing manifest file 'myrobot_controller.egg-info/SOURCES.txt'
[1.469s] reading manifest file 'myrobot_controller.egg-info/SOURCES.txt'
[1.469s] writing manifest file 'myrobot_controller.egg-info/SOURCES.txt'
[1.517s] [ 50%] Built target ament_cmake_python_build_myrobot_controller_egg
[8.142s] [100%] [32m[1mLinking CXX executable simple_controller[0m
[8.468s] [100%] Built target simple_controller
[8.481s] Invoked command in '/home/wufy/ros2_ws/build/myrobot_controller' returned '0': CMAKE_PREFIX_PATH=${CMAKE_PREFIX_PATH}:/opt/ros/humble /usr/bin/cmake --build /home/wufy/ros2_ws/build/myrobot_controller -- -j16 -l16
[8.482s] Invoking command in '/home/wufy/ros2_ws/build/myrobot_controller': CMAKE_PREFIX_PATH=${CMAKE_PREFIX_PATH}:/opt/ros/humble /usr/bin/cmake --install /home/wufy/ros2_ws/build/myrobot_controller
[8.490s] -- Install configuration: ""
[8.491s] -- Execute custom install script
[8.491s] -- Symlinking: /home/wufy/ros2_ws/install/myrobot_controller/share/myrobot_controller/environment/pythonpath.sh
[8.500s] -- Symlinking: /home/wufy/ros2_ws/install/myrobot_controller/share/myrobot_controller/environment/pythonpath.dsv
[8.511s] -- Symlinking: /home/wufy/ros2_ws/install/myrobot_controller/local/lib/python3.10/dist-packages/myrobot_controller-0.0.0-py3.10.egg-info/PKG-INFO
[8.518s] -- Symlinking: /home/wufy/ros2_ws/install/myrobot_controller/local/lib/python3.10/dist-packages/myrobot_controller-0.0.0-py3.10.egg-info/SOURCES.txt
[8.529s] -- Symlinking: /home/wufy/ros2_ws/install/myrobot_controller/local/lib/python3.10/dist-packages/myrobot_controller-0.0.0-py3.10.egg-info/dependency_links.txt
[8.536s] -- Symlinking: /home/wufy/ros2_ws/install/myrobot_controller/local/lib/python3.10/dist-packages/myrobot_controller-0.0.0-py3.10.egg-info/top_level.txt
[8.546s] -- Symlinking: /home/wufy/ros2_ws/install/myrobot_controller/local/lib/python3.10/dist-packages/myrobot_controller/__init__.py
[8.554s] -- Symlinking: /home/wufy/ros2_ws/install/myrobot_controller/local/lib/python3.10/dist-packages/myrobot_controller/read_imu_yaw.py
[8.563s] -- Symlinking: /home/wufy/ros2_ws/install/myrobot_controller/local/lib/python3.10/dist-packages/myrobot_controller/read_laser copy.py
[8.574s] -- Symlinking: /home/wufy/ros2_ws/install/myrobot_controller/local/lib/python3.10/dist-packages/myrobot_controller/read_laser.py
[8.582s] -- Symlinking: /home/wufy/ros2_ws/install/myrobot_controller/local/lib/python3.10/dist-packages/myrobot_controller/simple_controller.py
[8.592s] -- Symlinking: /home/wufy/ros2_ws/install/myrobot_controller/local/lib/python3.10/dist-packages/myrobot_controller/test_cmd.py
[8.600s] -- Symlinking: /home/wufy/ros2_ws/install/myrobot_controller/include/include/myrobot_controller/simple_controller.hpp
[8.609s] -- Symlinking: /home/wufy/ros2_ws/install/myrobot_controller/lib/myrobot_controller/simple_controller
[8.617s] -- Symlinking: /home/wufy/ros2_ws/install/myrobot_controller/share/myrobot_controller/config/joy_config.yaml
[8.627s] -- Symlinking: /home/wufy/ros2_ws/install/myrobot_controller/share/myrobot_controller/config/joy_teleop.yaml
[8.638s] -- Symlinking: /home/wufy/ros2_ws/install/myrobot_controller/share/myrobot_controller/config/myrobot_controllers.yaml
[8.647s] -- Symlinking: /home/wufy/ros2_ws/install/myrobot_controller/share/myrobot_controller/launch/controller.launch.py
[8.657s] -- Symlinking: /home/wufy/ros2_ws/install/myrobot_controller/share/myrobot_controller/launch/joystick_teleop.launch.py
[8.664s] -- Symlinking: /home/wufy/ros2_ws/install/myrobot_controller/lib/myrobot_controller/simple_controller.py
[8.673s] -- Symlinking: /home/wufy/ros2_ws/install/myrobot_controller/share/ament_index/resource_index/package_run_dependencies/myrobot_controller
[8.681s] -- Symlinking: /home/wufy/ros2_ws/install/myrobot_controller/share/ament_index/resource_index/parent_prefix_path/myrobot_controller
[8.690s] -- Symlinking: /home/wufy/ros2_ws/install/myrobot_controller/share/myrobot_controller/environment/ament_prefix_path.sh
[8.697s] -- Symlinking: /home/wufy/ros2_ws/install/myrobot_controller/share/myrobot_controller/environment/ament_prefix_path.dsv
[8.706s] -- Symlinking: /home/wufy/ros2_ws/install/myrobot_controller/share/myrobot_controller/environment/path.sh
[8.714s] -- Symlinking: /home/wufy/ros2_ws/install/myrobot_controller/share/myrobot_controller/environment/path.dsv
[8.722s] -- Symlinking: /home/wufy/ros2_ws/install/myrobot_controller/share/myrobot_controller/local_setup.bash
[8.730s] -- Symlinking: /home/wufy/ros2_ws/install/myrobot_controller/share/myrobot_controller/local_setup.sh
[8.739s] -- Symlinking: /home/wufy/ros2_ws/install/myrobot_controller/share/myrobot_controller/local_setup.zsh
[8.747s] -- Symlinking: /home/wufy/ros2_ws/install/myrobot_controller/share/myrobot_controller/local_setup.dsv
[8.755s] -- Symlinking: /home/wufy/ros2_ws/install/myrobot_controller/share/myrobot_controller/package.dsv
[8.765s] -- Symlinking: /home/wufy/ros2_ws/install/myrobot_controller/share/ament_index/resource_index/packages/myrobot_controller
[8.773s] -- Symlinking: /home/wufy/ros2_ws/install/myrobot_controller/share/myrobot_controller/cmake/myrobot_controllerConfig.cmake
[8.783s] -- Symlinking: /home/wufy/ros2_ws/install/myrobot_controller/share/myrobot_controller/cmake/myrobot_controllerConfig-version.cmake
[8.792s] -- Symlinking: /home/wufy/ros2_ws/install/myrobot_controller/share/myrobot_controller/package.xml
[8.832s] Listing '/home/wufy/ros2_ws/install/myrobot_controller/local/lib/python3.10/dist-packages/myrobot_controller'...
[8.832s] Compiling '/home/wufy/ros2_ws/install/myrobot_controller/local/lib/python3.10/dist-packages/myrobot_controller/__init__.py'...
[8.832s] Compiling '/home/wufy/ros2_ws/install/myrobot_controller/local/lib/python3.10/dist-packages/myrobot_controller/read_imu_yaw.py'...
[8.832s] Compiling '/home/wufy/ros2_ws/install/myrobot_controller/local/lib/python3.10/dist-packages/myrobot_controller/read_laser copy.py'...
[8.832s] Compiling '/home/wufy/ros2_ws/install/myrobot_controller/local/lib/python3.10/dist-packages/myrobot_controller/read_laser.py'...
[8.832s] Compiling '/home/wufy/ros2_ws/install/myrobot_controller/local/lib/python3.10/dist-packages/myrobot_controller/simple_controller.py'...
[8.832s] Compiling '/home/wufy/ros2_ws/install/myrobot_controller/local/lib/python3.10/dist-packages/myrobot_controller/test_cmd.py'...
[8.839s] Invoked command in '/home/wufy/ros2_ws/build/myrobot_controller' returned '0': CMAKE_PREFIX_PATH=${CMAKE_PREFIX_PATH}:/opt/ros/humble /usr/bin/cmake --install /home/wufy/ros2_ws/build/myrobot_controller
