[0.064s] DEBUG:colcon:Command line arguments: ['/usr/bin/colcon', 'build', '--symlink-install']
[0.064s] DEBUG:colcon:Parsed command line arguments: Namespace(log_base=None, log_level=None, verb_name='build', build_base='build', install_base='install', merge_install=False, symlink_install=True, test_result_base=None, continue_on_error=False, executor='parallel', parallel_workers=16, event_handlers=None, ignore_user_meta=False, metas=['./colcon.meta'], base_paths=['.'], packages_ignore=None, packages_ignore_regex=None, paths=None, packages_up_to=None, packages_up_to_regex=None, packages_above=None, packages_above_and_dependencies=None, packages_above_depth=None, packages_select_by_dep=None, packages_skip_by_dep=None, packages_skip_up_to=None, packages_select_build_failed=False, packages_skip_build_finished=False, packages_select_test_failures=False, packages_skip_test_passed=False, packages_select=None, packages_skip=None, packages_select_regex=None, packages_skip_regex=None, packages_start=None, packages_end=None, allow_overriding=[], cmake_args=None, cmake_target=None, cmake_target_skip_unavailable=False, cmake_clean_cache=False, cmake_clean_first=False, cmake_force_configure=False, ament_cmake_args=None, catkin_cmake_args=None, catkin_skip_building_tests=False, verb_parser=<colcon_defaults.argument_parser.defaults.DefaultArgumentsDecorator object at 0x72e813775c00>, verb_extension=<colcon_core.verb.build.BuildVerb object at 0x72e81387b640>, main=<bound method BuildVerb.main of <colcon_core.verb.build.BuildVerb object at 0x72e81387b640>>)
[0.171s] Level 1:colcon.colcon_core.package_discovery:discover_packages(colcon_meta) check parameters
[0.171s] Level 1:colcon.colcon_core.package_discovery:discover_packages(recursive) check parameters
[0.171s] Level 1:colcon.colcon_core.package_discovery:discover_packages(ignore) check parameters
[0.171s] Level 1:colcon.colcon_core.package_discovery:discover_packages(path) check parameters
[0.171s] Level 1:colcon.colcon_core.package_discovery:discover_packages(colcon_meta) discover
[0.171s] Level 1:colcon.colcon_core.package_discovery:discover_packages(recursive) discover
[0.171s] INFO:colcon.colcon_core.package_discovery:Crawling recursively for packages in '/home/wufy/ros2_ws'
[0.171s] Level 1:colcon.colcon_core.package_identification:_identify(.) by extensions ['ignore', 'ignore_ament_install']
[0.171s] Level 1:colcon.colcon_core.package_identification:_identify(.) by extension 'ignore'
[0.172s] Level 1:colcon.colcon_core.package_identification:_identify(.) by extension 'ignore_ament_install'
[0.172s] Level 1:colcon.colcon_core.package_identification:_identify(.) by extensions ['colcon_pkg']
[0.172s] Level 1:colcon.colcon_core.package_identification:_identify(.) by extension 'colcon_pkg'
[0.172s] Level 1:colcon.colcon_core.package_identification:_identify(.) by extensions ['colcon_meta']
[0.172s] Level 1:colcon.colcon_core.package_identification:_identify(.) by extension 'colcon_meta'
[0.172s] Level 1:colcon.colcon_core.package_identification:_identify(.) by extensions ['ros']
[0.172s] Level 1:colcon.colcon_core.package_identification:_identify(.) by extension 'ros'
[0.185s] Level 1:colcon.colcon_core.package_identification:_identify(.) by extensions ['cmake', 'python']
[0.185s] Level 1:colcon.colcon_core.package_identification:_identify(.) by extension 'cmake'
[0.185s] Level 1:colcon.colcon_core.package_identification:_identify(.) by extension 'python'
[0.185s] Level 1:colcon.colcon_core.package_identification:_identify(.) by extensions ['python_setup_py']
[0.185s] Level 1:colcon.colcon_core.package_identification:_identify(.) by extension 'python_setup_py'
[0.186s] Level 1:colcon.colcon_core.package_identification:_identify(build) by extensions ['ignore', 'ignore_ament_install']
[0.186s] Level 1:colcon.colcon_core.package_identification:_identify(build) by extension 'ignore'
[0.186s] Level 1:colcon.colcon_core.package_identification:_identify(build) ignored
[0.186s] Level 1:colcon.colcon_core.package_identification:_identify(install) by extensions ['ignore', 'ignore_ament_install']
[0.186s] Level 1:colcon.colcon_core.package_identification:_identify(install) by extension 'ignore'
[0.186s] Level 1:colcon.colcon_core.package_identification:_identify(install) ignored
[0.186s] Level 1:colcon.colcon_core.package_identification:_identify(log) by extensions ['ignore', 'ignore_ament_install']
[0.186s] Level 1:colcon.colcon_core.package_identification:_identify(log) by extension 'ignore'
[0.186s] Level 1:colcon.colcon_core.package_identification:_identify(log) ignored
[0.186s] Level 1:colcon.colcon_core.package_identification:_identify(src) by extensions ['ignore', 'ignore_ament_install']
[0.186s] Level 1:colcon.colcon_core.package_identification:_identify(src) by extension 'ignore'
[0.186s] Level 1:colcon.colcon_core.package_identification:_identify(src) by extension 'ignore_ament_install'
[0.186s] Level 1:colcon.colcon_core.package_identification:_identify(src) by extensions ['colcon_pkg']
[0.186s] Level 1:colcon.colcon_core.package_identification:_identify(src) by extension 'colcon_pkg'
[0.186s] Level 1:colcon.colcon_core.package_identification:_identify(src) by extensions ['colcon_meta']
[0.186s] Level 1:colcon.colcon_core.package_identification:_identify(src) by extension 'colcon_meta'
[0.186s] Level 1:colcon.colcon_core.package_identification:_identify(src) by extensions ['ros']
[0.186s] Level 1:colcon.colcon_core.package_identification:_identify(src) by extension 'ros'
[0.186s] Level 1:colcon.colcon_core.package_identification:_identify(src) by extensions ['cmake', 'python']
[0.186s] Level 1:colcon.colcon_core.package_identification:_identify(src) by extension 'cmake'
[0.186s] Level 1:colcon.colcon_core.package_identification:_identify(src) by extension 'python'
[0.186s] Level 1:colcon.colcon_core.package_identification:_identify(src) by extensions ['python_setup_py']
[0.186s] Level 1:colcon.colcon_core.package_identification:_identify(src) by extension 'python_setup_py'
[0.186s] Level 1:colcon.colcon_core.package_identification:_identify(src/my_robot_bringup) by extensions ['ignore', 'ignore_ament_install']
[0.186s] Level 1:colcon.colcon_core.package_identification:_identify(src/my_robot_bringup) by extension 'ignore'
[0.186s] Level 1:colcon.colcon_core.package_identification:_identify(src/my_robot_bringup) by extension 'ignore_ament_install'
[0.186s] Level 1:colcon.colcon_core.package_identification:_identify(src/my_robot_bringup) by extensions ['colcon_pkg']
[0.187s] Level 1:colcon.colcon_core.package_identification:_identify(src/my_robot_bringup) by extension 'colcon_pkg'
[0.187s] Level 1:colcon.colcon_core.package_identification:_identify(src/my_robot_bringup) by extensions ['colcon_meta']
[0.187s] Level 1:colcon.colcon_core.package_identification:_identify(src/my_robot_bringup) by extension 'colcon_meta'
[0.187s] Level 1:colcon.colcon_core.package_identification:_identify(src/my_robot_bringup) by extensions ['ros']
[0.187s] Level 1:colcon.colcon_core.package_identification:_identify(src/my_robot_bringup) by extension 'ros'
[0.188s] DEBUG:colcon.colcon_core.package_identification:Package 'src/my_robot_bringup' with type 'ros.ament_cmake' and name 'my_robot_bringup'
[0.188s] Level 1:colcon.colcon_core.package_identification:_identify(src/my_robot_description) by extensions ['ignore', 'ignore_ament_install']
[0.188s] Level 1:colcon.colcon_core.package_identification:_identify(src/my_robot_description) by extension 'ignore'
[0.188s] Level 1:colcon.colcon_core.package_identification:_identify(src/my_robot_description) by extension 'ignore_ament_install'
[0.188s] Level 1:colcon.colcon_core.package_identification:_identify(src/my_robot_description) by extensions ['colcon_pkg']
[0.188s] Level 1:colcon.colcon_core.package_identification:_identify(src/my_robot_description) by extension 'colcon_pkg'
[0.188s] Level 1:colcon.colcon_core.package_identification:_identify(src/my_robot_description) by extensions ['colcon_meta']
[0.188s] Level 1:colcon.colcon_core.package_identification:_identify(src/my_robot_description) by extension 'colcon_meta'
[0.188s] Level 1:colcon.colcon_core.package_identification:_identify(src/my_robot_description) by extensions ['ros']
[0.188s] Level 1:colcon.colcon_core.package_identification:_identify(src/my_robot_description) by extension 'ros'
[0.189s] DEBUG:colcon.colcon_core.package_identification:Package 'src/my_robot_description' with type 'ros.ament_cmake' and name 'my_robot_description'
[0.189s] Level 1:colcon.colcon_core.package_identification:_identify(src/myrobot_controller) by extensions ['ignore', 'ignore_ament_install']
[0.189s] Level 1:colcon.colcon_core.package_identification:_identify(src/myrobot_controller) by extension 'ignore'
[0.189s] Level 1:colcon.colcon_core.package_identification:_identify(src/myrobot_controller) by extension 'ignore_ament_install'
[0.189s] Level 1:colcon.colcon_core.package_identification:_identify(src/myrobot_controller) by extensions ['colcon_pkg']
[0.189s] Level 1:colcon.colcon_core.package_identification:_identify(src/myrobot_controller) by extension 'colcon_pkg'
[0.189s] Level 1:colcon.colcon_core.package_identification:_identify(src/myrobot_controller) by extensions ['colcon_meta']
[0.189s] Level 1:colcon.colcon_core.package_identification:_identify(src/myrobot_controller) by extension 'colcon_meta'
[0.189s] Level 1:colcon.colcon_core.package_identification:_identify(src/myrobot_controller) by extensions ['ros']
[0.189s] Level 1:colcon.colcon_core.package_identification:_identify(src/myrobot_controller) by extension 'ros'
[0.190s] DEBUG:colcon.colcon_core.package_identification:Package 'src/myrobot_controller' with type 'ros.ament_cmake' and name 'myrobot_controller'
[0.190s] Level 1:colcon.colcon_core.package_discovery:discover_packages(recursive) using defaults
[0.190s] Level 1:colcon.colcon_core.package_discovery:discover_packages(ignore) discover
[0.190s] Level 1:colcon.colcon_core.package_discovery:discover_packages(ignore) using defaults
[0.190s] Level 1:colcon.colcon_core.package_discovery:discover_packages(path) discover
[0.190s] Level 1:colcon.colcon_core.package_discovery:discover_packages(path) using defaults
[0.201s] Level 1:colcon.colcon_core.package_discovery:discover_packages(prefix_path) check parameters
[0.201s] Level 1:colcon.colcon_core.package_discovery:discover_packages(prefix_path) discover
[0.202s] DEBUG:colcon.colcon_installed_package_information.package_discovery:Found 3 installed packages in /home/wufy/ros2_ws/install
[0.203s] DEBUG:colcon.colcon_installed_package_information.package_discovery:Found 374 installed packages in /opt/ros/humble
[0.204s] Level 1:colcon.colcon_core.package_discovery:discover_packages(prefix_path) using defaults
[0.229s] Level 5:colcon.colcon_core.verb:set package 'my_robot_description' build argument 'cmake_args' from command line to 'None'
[0.229s] Level 5:colcon.colcon_core.verb:set package 'my_robot_description' build argument 'cmake_target' from command line to 'None'
[0.229s] Level 5:colcon.colcon_core.verb:set package 'my_robot_description' build argument 'cmake_target_skip_unavailable' from command line to 'False'
[0.229s] Level 5:colcon.colcon_core.verb:set package 'my_robot_description' build argument 'cmake_clean_cache' from command line to 'False'
[0.229s] Level 5:colcon.colcon_core.verb:set package 'my_robot_description' build argument 'cmake_clean_first' from command line to 'False'
[0.229s] Level 5:colcon.colcon_core.verb:set package 'my_robot_description' build argument 'cmake_force_configure' from command line to 'False'
[0.229s] Level 5:colcon.colcon_core.verb:set package 'my_robot_description' build argument 'ament_cmake_args' from command line to 'None'
[0.229s] Level 5:colcon.colcon_core.verb:set package 'my_robot_description' build argument 'catkin_cmake_args' from command line to 'None'
[0.229s] Level 5:colcon.colcon_core.verb:set package 'my_robot_description' build argument 'catkin_skip_building_tests' from command line to 'False'
[0.229s] DEBUG:colcon.colcon_core.verb:Building package 'my_robot_description' with the following arguments: {'ament_cmake_args': None, 'build_base': '/home/wufy/ros2_ws/build/my_robot_description', 'catkin_cmake_args': None, 'catkin_skip_building_tests': False, 'cmake_args': None, 'cmake_clean_cache': False, 'cmake_clean_first': False, 'cmake_force_configure': False, 'cmake_target': None, 'cmake_target_skip_unavailable': False, 'install_base': '/home/wufy/ros2_ws/install/my_robot_description', 'merge_install': False, 'path': '/home/wufy/ros2_ws/src/my_robot_description', 'symlink_install': True, 'test_result_base': None}
[0.229s] Level 5:colcon.colcon_core.verb:set package 'myrobot_controller' build argument 'cmake_args' from command line to 'None'
[0.229s] Level 5:colcon.colcon_core.verb:set package 'myrobot_controller' build argument 'cmake_target' from command line to 'None'
[0.229s] Level 5:colcon.colcon_core.verb:set package 'myrobot_controller' build argument 'cmake_target_skip_unavailable' from command line to 'False'
[0.230s] Level 5:colcon.colcon_core.verb:set package 'myrobot_controller' build argument 'cmake_clean_cache' from command line to 'False'
[0.230s] Level 5:colcon.colcon_core.verb:set package 'myrobot_controller' build argument 'cmake_clean_first' from command line to 'False'
[0.230s] Level 5:colcon.colcon_core.verb:set package 'myrobot_controller' build argument 'cmake_force_configure' from command line to 'False'
[0.230s] Level 5:colcon.colcon_core.verb:set package 'myrobot_controller' build argument 'ament_cmake_args' from command line to 'None'
[0.230s] Level 5:colcon.colcon_core.verb:set package 'myrobot_controller' build argument 'catkin_cmake_args' from command line to 'None'
[0.230s] Level 5:colcon.colcon_core.verb:set package 'myrobot_controller' build argument 'catkin_skip_building_tests' from command line to 'False'
[0.230s] DEBUG:colcon.colcon_core.verb:Building package 'myrobot_controller' with the following arguments: {'ament_cmake_args': None, 'build_base': '/home/wufy/ros2_ws/build/myrobot_controller', 'catkin_cmake_args': None, 'catkin_skip_building_tests': False, 'cmake_args': None, 'cmake_clean_cache': False, 'cmake_clean_first': False, 'cmake_force_configure': False, 'cmake_target': None, 'cmake_target_skip_unavailable': False, 'install_base': '/home/wufy/ros2_ws/install/myrobot_controller', 'merge_install': False, 'path': '/home/wufy/ros2_ws/src/myrobot_controller', 'symlink_install': True, 'test_result_base': None}
[0.230s] Level 5:colcon.colcon_core.verb:set package 'my_robot_bringup' build argument 'cmake_args' from command line to 'None'
[0.230s] Level 5:colcon.colcon_core.verb:set package 'my_robot_bringup' build argument 'cmake_target' from command line to 'None'
[0.230s] Level 5:colcon.colcon_core.verb:set package 'my_robot_bringup' build argument 'cmake_target_skip_unavailable' from command line to 'False'
[0.230s] Level 5:colcon.colcon_core.verb:set package 'my_robot_bringup' build argument 'cmake_clean_cache' from command line to 'False'
[0.230s] Level 5:colcon.colcon_core.verb:set package 'my_robot_bringup' build argument 'cmake_clean_first' from command line to 'False'
[0.230s] Level 5:colcon.colcon_core.verb:set package 'my_robot_bringup' build argument 'cmake_force_configure' from command line to 'False'
[0.230s] Level 5:colcon.colcon_core.verb:set package 'my_robot_bringup' build argument 'ament_cmake_args' from command line to 'None'
[0.230s] Level 5:colcon.colcon_core.verb:set package 'my_robot_bringup' build argument 'catkin_cmake_args' from command line to 'None'
[0.230s] Level 5:colcon.colcon_core.verb:set package 'my_robot_bringup' build argument 'catkin_skip_building_tests' from command line to 'False'
[0.230s] DEBUG:colcon.colcon_core.verb:Building package 'my_robot_bringup' with the following arguments: {'ament_cmake_args': None, 'build_base': '/home/wufy/ros2_ws/build/my_robot_bringup', 'catkin_cmake_args': None, 'catkin_skip_building_tests': False, 'cmake_args': None, 'cmake_clean_cache': False, 'cmake_clean_first': False, 'cmake_force_configure': False, 'cmake_target': None, 'cmake_target_skip_unavailable': False, 'install_base': '/home/wufy/ros2_ws/install/my_robot_bringup', 'merge_install': False, 'path': '/home/wufy/ros2_ws/src/my_robot_bringup', 'symlink_install': True, 'test_result_base': None}
[0.230s] INFO:colcon.colcon_core.executor:Executing jobs using 'parallel' executor
[0.231s] DEBUG:colcon.colcon_parallel_executor.executor.parallel:run_until_complete
[0.231s] INFO:colcon.colcon_ros.task.ament_cmake.build:Building ROS package in '/home/wufy/ros2_ws/src/my_robot_description' with build type 'ament_cmake'
[0.231s] INFO:colcon.colcon_cmake.task.cmake.build:Building CMake package in '/home/wufy/ros2_ws/src/my_robot_description'
[0.232s] INFO:colcon.colcon_core.plugin_system:Skipping extension 'colcon_core.shell.bat': Not used on non-Windows systems
[0.233s] INFO:colcon.colcon_core.shell:Skip shell extension 'powershell' for command environment: Not usable outside of PowerShell
[0.233s] DEBUG:colcon.colcon_core.shell:Skip shell extension 'dsv' for command environment
[0.236s] INFO:colcon.colcon_ros.task.ament_cmake.build:Building ROS package in '/home/wufy/ros2_ws/src/myrobot_controller' with build type 'ament_cmake'
[0.236s] INFO:colcon.colcon_cmake.task.cmake.build:Building CMake package in '/home/wufy/ros2_ws/src/myrobot_controller'
[0.236s] INFO:colcon.colcon_core.shell:Skip shell extension 'powershell' for command environment: Not usable outside of PowerShell
[0.236s] DEBUG:colcon.colcon_core.shell:Skip shell extension 'dsv' for command environment
[0.244s] DEBUG:colcon.colcon_core.event_handler.log_command:Invoking command in '/home/wufy/ros2_ws/build/my_robot_description': CMAKE_PREFIX_PATH=${CMAKE_PREFIX_PATH}:/opt/ros/humble /usr/bin/cmake --build /home/wufy/ros2_ws/build/my_robot_description -- -j16 -l16
[0.247s] DEBUG:colcon.colcon_core.event_handler.log_command:Invoking command in '/home/wufy/ros2_ws/build/myrobot_controller': CMAKE_PREFIX_PATH=${CMAKE_PREFIX_PATH}:/opt/ros/humble /usr/bin/cmake --build /home/wufy/ros2_ws/build/myrobot_controller -- -j16 -l16
[0.405s] DEBUG:colcon.colcon_core.event_handler.log_command:Invoked command in '/home/wufy/ros2_ws/build/my_robot_description' returned '0': CMAKE_PREFIX_PATH=${CMAKE_PREFIX_PATH}:/opt/ros/humble /usr/bin/cmake --build /home/wufy/ros2_ws/build/my_robot_description -- -j16 -l16
[0.413s] DEBUG:colcon.colcon_core.event_handler.log_command:Invoking command in '/home/wufy/ros2_ws/build/my_robot_description': CMAKE_PREFIX_PATH=${CMAKE_PREFIX_PATH}:/opt/ros/humble /usr/bin/cmake --install /home/wufy/ros2_ws/build/my_robot_description
[0.435s] Level 1:colcon.colcon_core.environment:create_environment_scripts_only(my_robot_description)
[0.435s] DEBUG:colcon.colcon_core.event_handler.log_command:Invoked command in '/home/wufy/ros2_ws/build/my_robot_description' returned '0': CMAKE_PREFIX_PATH=${CMAKE_PREFIX_PATH}:/opt/ros/humble /usr/bin/cmake --install /home/wufy/ros2_ws/build/my_robot_description
[0.437s] Level 1:colcon.colcon_core.environment:checking '/home/wufy/ros2_ws/install/my_robot_description' for CMake module files
[0.437s] Level 1:colcon.colcon_core.environment:checking '/home/wufy/ros2_ws/install/my_robot_description' for CMake config files
[0.437s] Level 1:colcon.colcon_core.shell:create_environment_hook('my_robot_description', 'cmake_prefix_path')
[0.437s] INFO:colcon.colcon_core.shell:Creating environment hook '/home/wufy/ros2_ws/install/my_robot_description/share/my_robot_description/hook/cmake_prefix_path.ps1'
[0.438s] INFO:colcon.colcon_core.shell:Creating environment descriptor '/home/wufy/ros2_ws/install/my_robot_description/share/my_robot_description/hook/cmake_prefix_path.dsv'
[0.438s] INFO:colcon.colcon_core.shell:Creating environment hook '/home/wufy/ros2_ws/install/my_robot_description/share/my_robot_description/hook/cmake_prefix_path.sh'
[0.439s] Level 1:colcon.colcon_core.environment:checking '/home/wufy/ros2_ws/install/my_robot_description/bin'
[0.439s] Level 1:colcon.colcon_core.environment:checking '/home/wufy/ros2_ws/install/my_robot_description/lib/pkgconfig/my_robot_description.pc'
[0.439s] Level 1:colcon.colcon_core.environment:checking '/home/wufy/ros2_ws/install/my_robot_description/lib/python3.10/site-packages'
[0.439s] Level 1:colcon.colcon_core.environment:checking '/home/wufy/ros2_ws/install/my_robot_description/bin'
[0.440s] INFO:colcon.colcon_core.shell:Creating package script '/home/wufy/ros2_ws/install/my_robot_description/share/my_robot_description/package.ps1'
[0.440s] INFO:colcon.colcon_core.shell:Creating package descriptor '/home/wufy/ros2_ws/install/my_robot_description/share/my_robot_description/package.dsv'
[0.441s] INFO:colcon.colcon_core.shell:Creating package script '/home/wufy/ros2_ws/install/my_robot_description/share/my_robot_description/package.sh'
[0.441s] INFO:colcon.colcon_core.shell:Creating package script '/home/wufy/ros2_ws/install/my_robot_description/share/my_robot_description/package.bash'
[0.442s] INFO:colcon.colcon_core.shell:Creating package script '/home/wufy/ros2_ws/install/my_robot_description/share/my_robot_description/package.zsh'
[0.442s] Level 1:colcon.colcon_core.environment:create_file_with_runtime_dependencies(/home/wufy/ros2_ws/install/my_robot_description/share/colcon-core/packages/my_robot_description)
[0.442s] Level 1:colcon.colcon_core.environment:create_environment_scripts_only(my_robot_description)
[0.443s] Level 1:colcon.colcon_core.environment:checking '/home/wufy/ros2_ws/install/my_robot_description' for CMake module files
[0.443s] Level 1:colcon.colcon_core.environment:checking '/home/wufy/ros2_ws/install/my_robot_description' for CMake config files
[0.443s] Level 1:colcon.colcon_core.shell:create_environment_hook('my_robot_description', 'cmake_prefix_path')
[0.443s] INFO:colcon.colcon_core.shell:Creating environment hook '/home/wufy/ros2_ws/install/my_robot_description/share/my_robot_description/hook/cmake_prefix_path.ps1'
[0.443s] INFO:colcon.colcon_core.shell:Creating environment descriptor '/home/wufy/ros2_ws/install/my_robot_description/share/my_robot_description/hook/cmake_prefix_path.dsv'
[0.444s] INFO:colcon.colcon_core.shell:Creating environment hook '/home/wufy/ros2_ws/install/my_robot_description/share/my_robot_description/hook/cmake_prefix_path.sh'
[0.444s] Level 1:colcon.colcon_core.environment:checking '/home/wufy/ros2_ws/install/my_robot_description/bin'
[0.444s] Level 1:colcon.colcon_core.environment:checking '/home/wufy/ros2_ws/install/my_robot_description/lib/pkgconfig/my_robot_description.pc'
[0.444s] Level 1:colcon.colcon_core.environment:checking '/home/wufy/ros2_ws/install/my_robot_description/lib/python3.10/site-packages'
[0.444s] Level 1:colcon.colcon_core.environment:checking '/home/wufy/ros2_ws/install/my_robot_description/bin'
[0.445s] INFO:colcon.colcon_core.shell:Creating package script '/home/wufy/ros2_ws/install/my_robot_description/share/my_robot_description/package.ps1'
[0.445s] INFO:colcon.colcon_core.shell:Creating package descriptor '/home/wufy/ros2_ws/install/my_robot_description/share/my_robot_description/package.dsv'
[0.445s] INFO:colcon.colcon_core.shell:Creating package script '/home/wufy/ros2_ws/install/my_robot_description/share/my_robot_description/package.sh'
[0.445s] INFO:colcon.colcon_core.shell:Creating package script '/home/wufy/ros2_ws/install/my_robot_description/share/my_robot_description/package.bash'
[0.446s] INFO:colcon.colcon_core.shell:Creating package script '/home/wufy/ros2_ws/install/my_robot_description/share/my_robot_description/package.zsh'
[0.446s] Level 1:colcon.colcon_core.environment:create_file_with_runtime_dependencies(/home/wufy/ros2_ws/install/my_robot_description/share/colcon-core/packages/my_robot_description)
[0.446s] INFO:colcon.colcon_ros.task.ament_cmake.build:Building ROS package in '/home/wufy/ros2_ws/src/my_robot_bringup' with build type 'ament_cmake'
[0.446s] INFO:colcon.colcon_cmake.task.cmake.build:Building CMake package in '/home/wufy/ros2_ws/src/my_robot_bringup'
[0.447s] INFO:colcon.colcon_core.shell:Skip shell extension 'powershell' for command environment: Not usable outside of PowerShell
[0.447s] DEBUG:colcon.colcon_core.shell:Skip shell extension 'dsv' for command environment
[0.454s] DEBUG:colcon.colcon_core.event_handler.log_command:Invoking command in '/home/wufy/ros2_ws/build/my_robot_bringup': CMAKE_PREFIX_PATH=/home/wufy/ros2_ws/install/my_robot_description:/home/wufy/ros2_ws/install/myrobot_controller:/home/wufy/ros2_ws/install/my_robot_bringup:/opt/ros/humble /usr/bin/cmake --build /home/wufy/ros2_ws/build/my_robot_bringup -- -j16 -l16
[0.493s] DEBUG:colcon.colcon_core.event_handler.log_command:Invoked command in '/home/wufy/ros2_ws/build/myrobot_controller' returned '0': CMAKE_PREFIX_PATH=${CMAKE_PREFIX_PATH}:/opt/ros/humble /usr/bin/cmake --build /home/wufy/ros2_ws/build/myrobot_controller -- -j16 -l16
[0.494s] DEBUG:colcon.colcon_core.event_handler.log_command:Invoking command in '/home/wufy/ros2_ws/build/myrobot_controller': CMAKE_PREFIX_PATH=${CMAKE_PREFIX_PATH}:/opt/ros/humble /usr/bin/cmake --install /home/wufy/ros2_ws/build/myrobot_controller
[0.537s] Level 1:colcon.colcon_core.environment:create_environment_scripts_only(myrobot_controller)
[0.537s] Level 1:colcon.colcon_core.environment:checking '/home/wufy/ros2_ws/install/myrobot_controller' for CMake module files
[0.538s] DEBUG:colcon.colcon_core.event_handler.log_command:Invoked command in '/home/wufy/ros2_ws/build/myrobot_controller' returned '0': CMAKE_PREFIX_PATH=${CMAKE_PREFIX_PATH}:/opt/ros/humble /usr/bin/cmake --install /home/wufy/ros2_ws/build/myrobot_controller
[0.538s] Level 1:colcon.colcon_core.environment:checking '/home/wufy/ros2_ws/install/myrobot_controller' for CMake config files
[0.538s] Level 1:colcon.colcon_core.shell:create_environment_hook('myrobot_controller', 'cmake_prefix_path')
[0.538s] INFO:colcon.colcon_core.shell:Creating environment hook '/home/wufy/ros2_ws/install/myrobot_controller/share/myrobot_controller/hook/cmake_prefix_path.ps1'
[0.539s] INFO:colcon.colcon_core.shell:Creating environment descriptor '/home/wufy/ros2_ws/install/myrobot_controller/share/myrobot_controller/hook/cmake_prefix_path.dsv'
[0.539s] INFO:colcon.colcon_core.shell:Creating environment hook '/home/wufy/ros2_ws/install/myrobot_controller/share/myrobot_controller/hook/cmake_prefix_path.sh'
[0.540s] Level 1:colcon.colcon_core.environment:checking '/home/wufy/ros2_ws/install/myrobot_controller/lib'
[0.540s] Level 1:colcon.colcon_core.environment:checking '/home/wufy/ros2_ws/install/myrobot_controller/bin'
[0.540s] Level 1:colcon.colcon_core.environment:checking '/home/wufy/ros2_ws/install/myrobot_controller/lib/pkgconfig/myrobot_controller.pc'
[0.540s] Level 1:colcon.colcon_core.environment:checking '/home/wufy/ros2_ws/install/myrobot_controller/lib/python3.10/site-packages'
[0.540s] Level 1:colcon.colcon_core.environment:checking '/home/wufy/ros2_ws/install/myrobot_controller/bin'
[0.541s] INFO:colcon.colcon_core.shell:Creating package script '/home/wufy/ros2_ws/install/myrobot_controller/share/myrobot_controller/package.ps1'
[0.541s] INFO:colcon.colcon_core.shell:Creating package descriptor '/home/wufy/ros2_ws/install/myrobot_controller/share/myrobot_controller/package.dsv'
[0.541s] INFO:colcon.colcon_core.shell:Creating package script '/home/wufy/ros2_ws/install/myrobot_controller/share/myrobot_controller/package.sh'
[0.542s] INFO:colcon.colcon_core.shell:Creating package script '/home/wufy/ros2_ws/install/myrobot_controller/share/myrobot_controller/package.bash'
[0.542s] INFO:colcon.colcon_core.shell:Creating package script '/home/wufy/ros2_ws/install/myrobot_controller/share/myrobot_controller/package.zsh'
[0.542s] Level 1:colcon.colcon_core.environment:create_file_with_runtime_dependencies(/home/wufy/ros2_ws/install/myrobot_controller/share/colcon-core/packages/myrobot_controller)
[0.542s] Level 1:colcon.colcon_core.environment:create_environment_scripts_only(myrobot_controller)
[0.542s] Level 1:colcon.colcon_core.environment:checking '/home/wufy/ros2_ws/install/myrobot_controller' for CMake module files
[0.543s] Level 1:colcon.colcon_core.environment:checking '/home/wufy/ros2_ws/install/myrobot_controller' for CMake config files
[0.543s] Level 1:colcon.colcon_core.shell:create_environment_hook('myrobot_controller', 'cmake_prefix_path')
[0.543s] INFO:colcon.colcon_core.shell:Creating environment hook '/home/wufy/ros2_ws/install/myrobot_controller/share/myrobot_controller/hook/cmake_prefix_path.ps1'
[0.543s] INFO:colcon.colcon_core.shell:Creating environment descriptor '/home/wufy/ros2_ws/install/myrobot_controller/share/myrobot_controller/hook/cmake_prefix_path.dsv'
[0.544s] INFO:colcon.colcon_core.shell:Creating environment hook '/home/wufy/ros2_ws/install/myrobot_controller/share/myrobot_controller/hook/cmake_prefix_path.sh'
[0.544s] Level 1:colcon.colcon_core.environment:checking '/home/wufy/ros2_ws/install/myrobot_controller/lib'
[0.544s] Level 1:colcon.colcon_core.environment:checking '/home/wufy/ros2_ws/install/myrobot_controller/bin'
[0.544s] Level 1:colcon.colcon_core.environment:checking '/home/wufy/ros2_ws/install/myrobot_controller/lib/pkgconfig/myrobot_controller.pc'
[0.544s] Level 1:colcon.colcon_core.environment:checking '/home/wufy/ros2_ws/install/myrobot_controller/lib/python3.10/site-packages'
[0.544s] Level 1:colcon.colcon_core.environment:checking '/home/wufy/ros2_ws/install/myrobot_controller/bin'
[0.544s] INFO:colcon.colcon_core.shell:Creating package script '/home/wufy/ros2_ws/install/myrobot_controller/share/myrobot_controller/package.ps1'
[0.545s] INFO:colcon.colcon_core.shell:Creating package descriptor '/home/wufy/ros2_ws/install/myrobot_controller/share/myrobot_controller/package.dsv'
[0.545s] INFO:colcon.colcon_core.shell:Creating package script '/home/wufy/ros2_ws/install/myrobot_controller/share/myrobot_controller/package.sh'
[0.545s] INFO:colcon.colcon_core.shell:Creating package script '/home/wufy/ros2_ws/install/myrobot_controller/share/myrobot_controller/package.bash'
[0.546s] INFO:colcon.colcon_core.shell:Creating package script '/home/wufy/ros2_ws/install/myrobot_controller/share/myrobot_controller/package.zsh'
[0.546s] Level 1:colcon.colcon_core.environment:create_file_with_runtime_dependencies(/home/wufy/ros2_ws/install/myrobot_controller/share/colcon-core/packages/myrobot_controller)
[0.617s] DEBUG:colcon.colcon_core.event_handler.log_command:Invoked command in '/home/wufy/ros2_ws/build/my_robot_bringup' returned '0': CMAKE_PREFIX_PATH=/home/wufy/ros2_ws/install/my_robot_description:/home/wufy/ros2_ws/install/myrobot_controller:/home/wufy/ros2_ws/install/my_robot_bringup:/opt/ros/humble /usr/bin/cmake --build /home/wufy/ros2_ws/build/my_robot_bringup -- -j16 -l16
[0.619s] DEBUG:colcon.colcon_core.event_handler.log_command:Invoking command in '/home/wufy/ros2_ws/build/my_robot_bringup': CMAKE_PREFIX_PATH=/home/wufy/ros2_ws/install/my_robot_description:/home/wufy/ros2_ws/install/myrobot_controller:/home/wufy/ros2_ws/install/my_robot_bringup:/opt/ros/humble /usr/bin/cmake --install /home/wufy/ros2_ws/build/my_robot_bringup
[0.643s] Level 1:colcon.colcon_core.environment:create_environment_scripts_only(my_robot_bringup)
[0.643s] Level 1:colcon.colcon_core.environment:checking '/home/wufy/ros2_ws/install/my_robot_bringup' for CMake module files
[0.643s] DEBUG:colcon.colcon_core.event_handler.log_command:Invoked command in '/home/wufy/ros2_ws/build/my_robot_bringup' returned '0': CMAKE_PREFIX_PATH=/home/wufy/ros2_ws/install/my_robot_description:/home/wufy/ros2_ws/install/myrobot_controller:/home/wufy/ros2_ws/install/my_robot_bringup:/opt/ros/humble /usr/bin/cmake --install /home/wufy/ros2_ws/build/my_robot_bringup
[0.644s] Level 1:colcon.colcon_core.environment:checking '/home/wufy/ros2_ws/install/my_robot_bringup' for CMake config files
[0.644s] Level 1:colcon.colcon_core.shell:create_environment_hook('my_robot_bringup', 'cmake_prefix_path')
[0.644s] INFO:colcon.colcon_core.shell:Creating environment hook '/home/wufy/ros2_ws/install/my_robot_bringup/share/my_robot_bringup/hook/cmake_prefix_path.ps1'
[0.645s] INFO:colcon.colcon_core.shell:Creating environment descriptor '/home/wufy/ros2_ws/install/my_robot_bringup/share/my_robot_bringup/hook/cmake_prefix_path.dsv'
[0.645s] INFO:colcon.colcon_core.shell:Creating environment hook '/home/wufy/ros2_ws/install/my_robot_bringup/share/my_robot_bringup/hook/cmake_prefix_path.sh'
[0.645s] Level 1:colcon.colcon_core.environment:checking '/home/wufy/ros2_ws/install/my_robot_bringup/bin'
[0.645s] Level 1:colcon.colcon_core.environment:checking '/home/wufy/ros2_ws/install/my_robot_bringup/lib/pkgconfig/my_robot_bringup.pc'
[0.645s] Level 1:colcon.colcon_core.environment:checking '/home/wufy/ros2_ws/install/my_robot_bringup/lib/python3.10/site-packages'
[0.646s] Level 1:colcon.colcon_core.environment:checking '/home/wufy/ros2_ws/install/my_robot_bringup/bin'
[0.646s] INFO:colcon.colcon_core.shell:Creating package script '/home/wufy/ros2_ws/install/my_robot_bringup/share/my_robot_bringup/package.ps1'
[0.646s] INFO:colcon.colcon_core.shell:Creating package descriptor '/home/wufy/ros2_ws/install/my_robot_bringup/share/my_robot_bringup/package.dsv'
[0.647s] INFO:colcon.colcon_core.shell:Creating package script '/home/wufy/ros2_ws/install/my_robot_bringup/share/my_robot_bringup/package.sh'
[0.647s] INFO:colcon.colcon_core.shell:Creating package script '/home/wufy/ros2_ws/install/my_robot_bringup/share/my_robot_bringup/package.bash'
[0.647s] INFO:colcon.colcon_core.shell:Creating package script '/home/wufy/ros2_ws/install/my_robot_bringup/share/my_robot_bringup/package.zsh'
[0.647s] Level 1:colcon.colcon_core.environment:create_file_with_runtime_dependencies(/home/wufy/ros2_ws/install/my_robot_bringup/share/colcon-core/packages/my_robot_bringup)
[0.648s] Level 1:colcon.colcon_core.environment:create_environment_scripts_only(my_robot_bringup)
[0.648s] Level 1:colcon.colcon_core.environment:checking '/home/wufy/ros2_ws/install/my_robot_bringup' for CMake module files
[0.648s] Level 1:colcon.colcon_core.environment:checking '/home/wufy/ros2_ws/install/my_robot_bringup' for CMake config files
[0.648s] Level 1:colcon.colcon_core.shell:create_environment_hook('my_robot_bringup', 'cmake_prefix_path')
[0.648s] INFO:colcon.colcon_core.shell:Creating environment hook '/home/wufy/ros2_ws/install/my_robot_bringup/share/my_robot_bringup/hook/cmake_prefix_path.ps1'
[0.649s] INFO:colcon.colcon_core.shell:Creating environment descriptor '/home/wufy/ros2_ws/install/my_robot_bringup/share/my_robot_bringup/hook/cmake_prefix_path.dsv'
[0.649s] INFO:colcon.colcon_core.shell:Creating environment hook '/home/wufy/ros2_ws/install/my_robot_bringup/share/my_robot_bringup/hook/cmake_prefix_path.sh'
[0.649s] Level 1:colcon.colcon_core.environment:checking '/home/wufy/ros2_ws/install/my_robot_bringup/bin'
[0.649s] Level 1:colcon.colcon_core.environment:checking '/home/wufy/ros2_ws/install/my_robot_bringup/lib/pkgconfig/my_robot_bringup.pc'
[0.649s] Level 1:colcon.colcon_core.environment:checking '/home/wufy/ros2_ws/install/my_robot_bringup/lib/python3.10/site-packages'
[0.649s] Level 1:colcon.colcon_core.environment:checking '/home/wufy/ros2_ws/install/my_robot_bringup/bin'
[0.650s] INFO:colcon.colcon_core.shell:Creating package script '/home/wufy/ros2_ws/install/my_robot_bringup/share/my_robot_bringup/package.ps1'
[0.650s] INFO:colcon.colcon_core.shell:Creating package descriptor '/home/wufy/ros2_ws/install/my_robot_bringup/share/my_robot_bringup/package.dsv'
[0.651s] INFO:colcon.colcon_core.shell:Creating package script '/home/wufy/ros2_ws/install/my_robot_bringup/share/my_robot_bringup/package.sh'
[0.651s] INFO:colcon.colcon_core.shell:Creating package script '/home/wufy/ros2_ws/install/my_robot_bringup/share/my_robot_bringup/package.bash'
[0.651s] INFO:colcon.colcon_core.shell:Creating package script '/home/wufy/ros2_ws/install/my_robot_bringup/share/my_robot_bringup/package.zsh'
[0.651s] Level 1:colcon.colcon_core.environment:create_file_with_runtime_dependencies(/home/wufy/ros2_ws/install/my_robot_bringup/share/colcon-core/packages/my_robot_bringup)
[0.652s] DEBUG:colcon.colcon_parallel_executor.executor.parallel:closing loop
[0.652s] DEBUG:colcon.colcon_parallel_executor.executor.parallel:loop closed
[0.652s] DEBUG:colcon.colcon_parallel_executor.executor.parallel:run_until_complete finished with '0'
[0.652s] DEBUG:colcon.colcon_core.event_reactor:joining thread
[0.655s] INFO:colcon.colcon_core.plugin_system:Skipping extension 'colcon_notification.desktop_notification.terminal_notifier': Not used on non-Darwin systems
[0.655s] INFO:colcon.colcon_core.plugin_system:Skipping extension 'colcon_notification.desktop_notification.win32': Not used on non-Windows systems
[0.655s] INFO:colcon.colcon_notification.desktop_notification:Sending desktop notification using 'notify2'
[0.662s] DEBUG:colcon.colcon_core.event_reactor:joined thread
[0.663s] INFO:colcon.colcon_core.shell:Creating prefix script '/home/wufy/ros2_ws/install/local_setup.ps1'
[0.663s] INFO:colcon.colcon_core.shell:Creating prefix util module '/home/wufy/ros2_ws/install/_local_setup_util_ps1.py'
[0.664s] INFO:colcon.colcon_core.shell:Creating prefix chain script '/home/wufy/ros2_ws/install/setup.ps1'
[0.665s] INFO:colcon.colcon_core.shell:Creating prefix script '/home/wufy/ros2_ws/install/local_setup.sh'
[0.665s] INFO:colcon.colcon_core.shell:Creating prefix util module '/home/wufy/ros2_ws/install/_local_setup_util_sh.py'
[0.666s] INFO:colcon.colcon_core.shell:Creating prefix chain script '/home/wufy/ros2_ws/install/setup.sh'
[0.667s] INFO:colcon.colcon_core.shell:Creating prefix script '/home/wufy/ros2_ws/install/local_setup.bash'
[0.667s] INFO:colcon.colcon_core.shell:Creating prefix chain script '/home/wufy/ros2_ws/install/setup.bash'
[0.668s] INFO:colcon.colcon_core.shell:Creating prefix script '/home/wufy/ros2_ws/install/local_setup.zsh'
[0.668s] INFO:colcon.colcon_core.shell:Creating prefix chain script '/home/wufy/ros2_ws/install/setup.zsh'
