[0.007s] Invoking command in '/home/wufy/ros2_ws/build/my_robot_bringup': CMAKE_PREFIX_PATH=/home/wufy/ros2_ws/install/my_robot_description:/home/wufy/ros2_ws/install/myrobot_controller:/home/wufy/ros2_ws/install/my_robot_bringup:/opt/ros/humble /usr/bin/cmake --build /home/wufy/ros2_ws/build/my_robot_bringup -- -j16 -l16
[0.026s] -- Found ament_cmake: 1.3.11 (/opt/ros/humble/share/ament_cmake/cmake)
[0.105s] -- Override CMake install command with custom implementation using symlinks instead of copying resources
[0.109s] -- Found rclpy: 3.3.15 (/opt/ros/humble/share/rclpy/cmake)
[0.150s] -- Configuring done
[0.152s] -- Generating done
[0.153s] -- Build files have been written to: /home/wufy/ros2_ws/build/my_robot_bringup
[0.170s] Invoked command in '/home/wufy/ros2_ws/build/my_robot_bringup' returned '0': CMAKE_PREFIX_PATH=/home/wufy/ros2_ws/install/my_robot_description:/home/wufy/ros2_ws/install/myrobot_controller:/home/wufy/ros2_ws/install/my_robot_bringup:/opt/ros/humble /usr/bin/cmake --build /home/wufy/ros2_ws/build/my_robot_bringup -- -j16 -l16
[0.172s] Invoking command in '/home/wufy/ros2_ws/build/my_robot_bringup': CMAKE_PREFIX_PATH=/home/wufy/ros2_ws/install/my_robot_description:/home/wufy/ros2_ws/install/myrobot_controller:/home/wufy/ros2_ws/install/my_robot_bringup:/opt/ros/humble /usr/bin/cmake --install /home/wufy/ros2_ws/build/my_robot_bringup
[0.177s] -- Install configuration: ""
[0.178s] -- Execute custom install script
[0.178s] -- Symlinking: /home/wufy/ros2_ws/install/my_robot_bringup/share/my_robot_bringup/launch/my_robot.launch.py
[0.185s] -- Up-to-date symlink: /home/wufy/ros2_ws/install/my_robot_bringup/share/my_robot_bringup/launch/my_robot_gazebo.launch.xml
[0.185s] -- Up-to-date symlink: /home/wufy/ros2_ws/install/my_robot_bringup/share/my_robot_bringup/launch/wheel_test.launch.py
[0.185s] -- Up-to-date symlink: /home/wufy/ros2_ws/install/my_robot_bringup/share/my_robot_bringup/rviz/urdf_config.rviz
[0.185s] -- Up-to-date symlink: /home/wufy/ros2_ws/install/my_robot_bringup/share/my_robot_bringup/src/robot_controller.py
[0.185s] -- Up-to-date symlink: /home/wufy/ros2_ws/install/my_robot_bringup/share/ament_index/resource_index/package_run_dependencies/my_robot_bringup
[0.185s] -- Up-to-date symlink: /home/wufy/ros2_ws/install/my_robot_bringup/share/ament_index/resource_index/parent_prefix_path/my_robot_bringup
[0.185s] -- Up-to-date symlink: /home/wufy/ros2_ws/install/my_robot_bringup/share/my_robot_bringup/environment/ament_prefix_path.sh
[0.186s] -- Up-to-date symlink: /home/wufy/ros2_ws/install/my_robot_bringup/share/my_robot_bringup/environment/ament_prefix_path.dsv
[0.186s] -- Up-to-date symlink: /home/wufy/ros2_ws/install/my_robot_bringup/share/my_robot_bringup/environment/path.sh
[0.186s] -- Up-to-date symlink: /home/wufy/ros2_ws/install/my_robot_bringup/share/my_robot_bringup/environment/path.dsv
[0.186s] -- Up-to-date symlink: /home/wufy/ros2_ws/install/my_robot_bringup/share/my_robot_bringup/local_setup.bash
[0.186s] -- Up-to-date symlink: /home/wufy/ros2_ws/install/my_robot_bringup/share/my_robot_bringup/local_setup.sh
[0.186s] -- Up-to-date symlink: /home/wufy/ros2_ws/install/my_robot_bringup/share/my_robot_bringup/local_setup.zsh
[0.186s] -- Up-to-date symlink: /home/wufy/ros2_ws/install/my_robot_bringup/share/my_robot_bringup/local_setup.dsv
[0.186s] -- Symlinking: /home/wufy/ros2_ws/install/my_robot_bringup/share/my_robot_bringup/package.dsv
[0.194s] -- Up-to-date symlink: /home/wufy/ros2_ws/install/my_robot_bringup/share/ament_index/resource_index/packages/my_robot_bringup
[0.194s] -- Up-to-date symlink: /home/wufy/ros2_ws/install/my_robot_bringup/share/my_robot_bringup/cmake/my_robot_bringupConfig.cmake
[0.194s] -- Up-to-date symlink: /home/wufy/ros2_ws/install/my_robot_bringup/share/my_robot_bringup/cmake/my_robot_bringupConfig-version.cmake
[0.194s] -- Up-to-date symlink: /home/wufy/ros2_ws/install/my_robot_bringup/share/my_robot_bringup/package.xml
[0.196s] Invoked command in '/home/wufy/ros2_ws/build/my_robot_bringup' returned '0': CMAKE_PREFIX_PATH=/home/wufy/ros2_ws/install/my_robot_description:/home/wufy/ros2_ws/install/myrobot_controller:/home/wufy/ros2_ws/install/my_robot_bringup:/opt/ros/humble /usr/bin/cmake --install /home/wufy/ros2_ws/build/my_robot_bringup
