[0.008s] Invoking command in '/home/wufy/ros2_ws/build/my_robot_bringup': CMAKE_PREFIX_PATH=/home/wufy/ros2_ws/install/my_robot_description:/home/wufy/ros2_ws/install/myrobot_controller:/home/wufy/ros2_ws/install/my_robot_bringup:/opt/ros/humble /usr/bin/cmake /home/wufy/ros2_ws/src/my_robot_bringup -DAMENT_CMAKE_SYMLINK_INSTALL=1 -DCMAKE_INSTALL_PREFIX=/home/wufy/ros2_ws/install/my_robot_bringup
[0.062s] -- The C compiler identification is GNU 11.4.0
[0.115s] -- The CXX compiler identification is GNU 11.4.0
[0.121s] -- Detecting C compiler ABI info
[0.197s] -- Detecting C compiler ABI info - done
[0.203s] -- Check for working C compiler: /usr/bin/cc - skipped
[0.203s] -- Detecting C compile features
[0.203s] -- Detecting C compile features - done
[0.206s] -- Detecting CXX compiler ABI info
[0.289s] -- Detecting CXX compiler ABI info - done
[0.294s] -- Check for working CXX compiler: /usr/bin/c++ - skipped
[0.294s] -- Detecting CXX compile features
[0.294s] -- Detecting CXX compile features - done
[0.297s] -- Found ament_cmake: 1.3.11 (/opt/ros/humble/share/ament_cmake/cmake)
[0.448s] -- Found Python3: /usr/bin/python3 (found version "3.10.12") found components: Interpreter 
[0.494s] -- Override CMake install command with custom implementation using symlinks instead of copying resources
[0.520s] -- Found rclpy: 3.3.15 (/opt/ros/humble/share/rclpy/cmake)
[0.565s] -- Configuring done
[0.567s] -- Generating done
[0.568s] -- Build files have been written to: /home/wufy/ros2_ws/build/my_robot_bringup
[0.573s] Invoked command in '/home/wufy/ros2_ws/build/my_robot_bringup' returned '0': CMAKE_PREFIX_PATH=/home/wufy/ros2_ws/install/my_robot_description:/home/wufy/ros2_ws/install/myrobot_controller:/home/wufy/ros2_ws/install/my_robot_bringup:/opt/ros/humble /usr/bin/cmake /home/wufy/ros2_ws/src/my_robot_bringup -DAMENT_CMAKE_SYMLINK_INSTALL=1 -DCMAKE_INSTALL_PREFIX=/home/wufy/ros2_ws/install/my_robot_bringup
[0.575s] Invoking command in '/home/wufy/ros2_ws/build/my_robot_bringup': CMAKE_PREFIX_PATH=/home/wufy/ros2_ws/install/my_robot_description:/home/wufy/ros2_ws/install/myrobot_controller:/home/wufy/ros2_ws/install/my_robot_bringup:/opt/ros/humble /usr/bin/cmake --build /home/wufy/ros2_ws/build/my_robot_bringup -- -j16 -l16
[0.613s] Invoked command in '/home/wufy/ros2_ws/build/my_robot_bringup' returned '0': CMAKE_PREFIX_PATH=/home/wufy/ros2_ws/install/my_robot_description:/home/wufy/ros2_ws/install/myrobot_controller:/home/wufy/ros2_ws/install/my_robot_bringup:/opt/ros/humble /usr/bin/cmake --build /home/wufy/ros2_ws/build/my_robot_bringup -- -j16 -l16
[0.614s] Invoking command in '/home/wufy/ros2_ws/build/my_robot_bringup': CMAKE_PREFIX_PATH=/home/wufy/ros2_ws/install/my_robot_description:/home/wufy/ros2_ws/install/myrobot_controller:/home/wufy/ros2_ws/install/my_robot_bringup:/opt/ros/humble /usr/bin/cmake --install /home/wufy/ros2_ws/build/my_robot_bringup
[0.622s] -- Install configuration: ""
[0.622s] -- Execute custom install script
[0.622s] -- Symlinking: /home/wufy/ros2_ws/install/my_robot_bringup/share/my_robot_bringup/launch/my_robot_gazebo.launch.xml
[0.631s] -- Symlinking: /home/wufy/ros2_ws/install/my_robot_bringup/share/my_robot_bringup/launch/wheel_test.launch.py
[0.640s] -- Symlinking: /home/wufy/ros2_ws/install/my_robot_bringup/share/my_robot_bringup/rviz/urdf_config.rviz
[0.649s] -- Symlinking: /home/wufy/ros2_ws/install/my_robot_bringup/share/my_robot_bringup/src/robot_controller.py
[0.657s] -- Symlinking: /home/wufy/ros2_ws/install/my_robot_bringup/share/ament_index/resource_index/package_run_dependencies/my_robot_bringup
[0.666s] -- Symlinking: /home/wufy/ros2_ws/install/my_robot_bringup/share/ament_index/resource_index/parent_prefix_path/my_robot_bringup
[0.674s] -- Symlinking: /home/wufy/ros2_ws/install/my_robot_bringup/share/my_robot_bringup/environment/ament_prefix_path.sh
[0.684s] -- Symlinking: /home/wufy/ros2_ws/install/my_robot_bringup/share/my_robot_bringup/environment/ament_prefix_path.dsv
[0.692s] -- Symlinking: /home/wufy/ros2_ws/install/my_robot_bringup/share/my_robot_bringup/environment/path.sh
[0.703s] -- Symlinking: /home/wufy/ros2_ws/install/my_robot_bringup/share/my_robot_bringup/environment/path.dsv
[0.712s] -- Symlinking: /home/wufy/ros2_ws/install/my_robot_bringup/share/my_robot_bringup/local_setup.bash
[0.721s] -- Symlinking: /home/wufy/ros2_ws/install/my_robot_bringup/share/my_robot_bringup/local_setup.sh
[0.731s] -- Symlinking: /home/wufy/ros2_ws/install/my_robot_bringup/share/my_robot_bringup/local_setup.zsh
[0.739s] -- Symlinking: /home/wufy/ros2_ws/install/my_robot_bringup/share/my_robot_bringup/local_setup.dsv
[0.749s] -- Symlinking: /home/wufy/ros2_ws/install/my_robot_bringup/share/my_robot_bringup/package.dsv
[0.757s] -- Symlinking: /home/wufy/ros2_ws/install/my_robot_bringup/share/ament_index/resource_index/packages/my_robot_bringup
[0.767s] -- Symlinking: /home/wufy/ros2_ws/install/my_robot_bringup/share/my_robot_bringup/cmake/my_robot_bringupConfig.cmake
[0.775s] -- Symlinking: /home/wufy/ros2_ws/install/my_robot_bringup/share/my_robot_bringup/cmake/my_robot_bringupConfig-version.cmake
[0.784s] -- Symlinking: /home/wufy/ros2_ws/install/my_robot_bringup/share/my_robot_bringup/package.xml
[0.797s] Invoked command in '/home/wufy/ros2_ws/build/my_robot_bringup' returned '0': CMAKE_PREFIX_PATH=/home/wufy/ros2_ws/install/my_robot_description:/home/wufy/ros2_ws/install/myrobot_controller:/home/wufy/ros2_ws/install/my_robot_bringup:/opt/ros/humble /usr/bin/cmake --install /home/wufy/ros2_ws/build/my_robot_bringup
