[0.011s] Invoking command in '/home/wufy/ros2_ws/build/myrobot_controller': CMAKE_PREFIX_PATH=${CMAKE_PREFIX_PATH}:/opt/ros/humble /usr/bin/cmake --build /home/wufy/ros2_ws/build/myrobot_controller -- -j16 -l16
[0.043s] [35m[1mConsolidate compiler generated dependencies of target simple_controller[0m
[0.057s] [  0%] Built target ament_cmake_python_symlink_myrobot_controller
[0.057s] [100%] Built target simple_controller
[0.218s] running egg_info
[0.219s] writing myrobot_controller.egg-info/PKG-INFO
[0.219s] writing dependency_links to myrobot_controller.egg-info/dependency_links.txt
[0.219s] writing top-level names to myrobot_controller.egg-info/top_level.txt
[0.221s] reading manifest file 'myrobot_controller.egg-info/SOURCES.txt'
[0.221s] writing manifest file 'myrobot_controller.egg-info/SOURCES.txt'
[0.247s] [100%] Built target ament_cmake_python_build_myrobot_controller_egg
[0.257s] Invoked command in '/home/wufy/ros2_ws/build/myrobot_controller' returned '0': CMAKE_PREFIX_PATH=${CMAKE_PREFIX_PATH}:/opt/ros/humble /usr/bin/cmake --build /home/wufy/ros2_ws/build/myrobot_controller -- -j16 -l16
[0.258s] Invoking command in '/home/wufy/ros2_ws/build/myrobot_controller': CMAKE_PREFIX_PATH=${CMAKE_PREFIX_PATH}:/opt/ros/humble /usr/bin/cmake --install /home/wufy/ros2_ws/build/myrobot_controller
[0.265s] -- Install configuration: ""
[0.265s] -- Execute custom install script
[0.265s] -- Up-to-date symlink: /home/wufy/ros2_ws/install/myrobot_controller/share/myrobot_controller/environment/pythonpath.sh
[0.265s] -- Up-to-date symlink: /home/wufy/ros2_ws/install/myrobot_controller/share/myrobot_controller/environment/pythonpath.dsv
[0.265s] -- Up-to-date symlink: /home/wufy/ros2_ws/install/myrobot_controller/local/lib/python3.10/dist-packages/myrobot_controller-0.0.0-py3.10.egg-info/PKG-INFO
[0.266s] -- Up-to-date symlink: /home/wufy/ros2_ws/install/myrobot_controller/local/lib/python3.10/dist-packages/myrobot_controller-0.0.0-py3.10.egg-info/SOURCES.txt
[0.266s] -- Up-to-date symlink: /home/wufy/ros2_ws/install/myrobot_controller/local/lib/python3.10/dist-packages/myrobot_controller-0.0.0-py3.10.egg-info/dependency_links.txt
[0.266s] -- Up-to-date symlink: /home/wufy/ros2_ws/install/myrobot_controller/local/lib/python3.10/dist-packages/myrobot_controller-0.0.0-py3.10.egg-info/top_level.txt
[0.266s] -- Up-to-date symlink: /home/wufy/ros2_ws/install/myrobot_controller/local/lib/python3.10/dist-packages/myrobot_controller/__init__.py
[0.266s] -- Up-to-date symlink: /home/wufy/ros2_ws/install/myrobot_controller/local/lib/python3.10/dist-packages/myrobot_controller/read_imu_yaw.py
[0.266s] -- Up-to-date symlink: /home/wufy/ros2_ws/install/myrobot_controller/local/lib/python3.10/dist-packages/myrobot_controller/read_laser copy.py
[0.266s] -- Up-to-date symlink: /home/wufy/ros2_ws/install/myrobot_controller/local/lib/python3.10/dist-packages/myrobot_controller/read_laser.py
[0.266s] -- Up-to-date symlink: /home/wufy/ros2_ws/install/myrobot_controller/local/lib/python3.10/dist-packages/myrobot_controller/simple_controller.py
[0.266s] -- Up-to-date symlink: /home/wufy/ros2_ws/install/myrobot_controller/local/lib/python3.10/dist-packages/myrobot_controller/test_cmd.py
[0.267s] -- Up-to-date symlink: /home/wufy/ros2_ws/install/myrobot_controller/include/include/myrobot_controller/simple_controller.hpp
[0.267s] -- Up-to-date symlink: /home/wufy/ros2_ws/install/myrobot_controller/lib/myrobot_controller/simple_controller
[0.267s] -- Up-to-date symlink: /home/wufy/ros2_ws/install/myrobot_controller/share/myrobot_controller/config/joy_config.yaml
[0.267s] -- Up-to-date symlink: /home/wufy/ros2_ws/install/myrobot_controller/share/myrobot_controller/config/joy_teleop.yaml
[0.267s] -- Up-to-date symlink: /home/wufy/ros2_ws/install/myrobot_controller/share/myrobot_controller/config/myrobot_controllers.yaml
[0.267s] -- Up-to-date symlink: /home/wufy/ros2_ws/install/myrobot_controller/share/myrobot_controller/launch/controller.launch.py
[0.267s] -- Up-to-date symlink: /home/wufy/ros2_ws/install/myrobot_controller/share/myrobot_controller/launch/joystick_teleop.launch.py
[0.268s] -- Up-to-date symlink: /home/wufy/ros2_ws/install/myrobot_controller/lib/myrobot_controller/simple_controller.py
[0.268s] -- Up-to-date symlink: /home/wufy/ros2_ws/install/myrobot_controller/share/ament_index/resource_index/package_run_dependencies/myrobot_controller
[0.268s] -- Up-to-date symlink: /home/wufy/ros2_ws/install/myrobot_controller/share/ament_index/resource_index/parent_prefix_path/myrobot_controller
[0.268s] -- Up-to-date symlink: /home/wufy/ros2_ws/install/myrobot_controller/share/myrobot_controller/environment/ament_prefix_path.sh
[0.268s] -- Up-to-date symlink: /home/wufy/ros2_ws/install/myrobot_controller/share/myrobot_controller/environment/ament_prefix_path.dsv
[0.268s] -- Up-to-date symlink: /home/wufy/ros2_ws/install/myrobot_controller/share/myrobot_controller/environment/path.sh
[0.268s] -- Up-to-date symlink: /home/wufy/ros2_ws/install/myrobot_controller/share/myrobot_controller/environment/path.dsv
[0.268s] -- Up-to-date symlink: /home/wufy/ros2_ws/install/myrobot_controller/share/myrobot_controller/local_setup.bash
[0.268s] -- Up-to-date symlink: /home/wufy/ros2_ws/install/myrobot_controller/share/myrobot_controller/local_setup.sh
[0.268s] -- Up-to-date symlink: /home/wufy/ros2_ws/install/myrobot_controller/share/myrobot_controller/local_setup.zsh
[0.269s] -- Up-to-date symlink: /home/wufy/ros2_ws/install/myrobot_controller/share/myrobot_controller/local_setup.dsv
[0.269s] -- Symlinking: /home/wufy/ros2_ws/install/myrobot_controller/share/myrobot_controller/package.dsv
[0.276s] -- Up-to-date symlink: /home/wufy/ros2_ws/install/myrobot_controller/share/ament_index/resource_index/packages/myrobot_controller
[0.276s] -- Up-to-date symlink: /home/wufy/ros2_ws/install/myrobot_controller/share/myrobot_controller/cmake/myrobot_controllerConfig.cmake
[0.276s] -- Up-to-date symlink: /home/wufy/ros2_ws/install/myrobot_controller/share/myrobot_controller/cmake/myrobot_controllerConfig-version.cmake
[0.276s] -- Up-to-date symlink: /home/wufy/ros2_ws/install/myrobot_controller/share/myrobot_controller/package.xml
[0.295s] Listing '/home/wufy/ros2_ws/install/myrobot_controller/local/lib/python3.10/dist-packages/myrobot_controller'...
[0.302s] Invoked command in '/home/wufy/ros2_ws/build/myrobot_controller' returned '0': CMAKE_PREFIX_PATH=${CMAKE_PREFIX_PATH}:/opt/ros/humble /usr/bin/cmake --install /home/wufy/ros2_ws/build/myrobot_controller
