[0.010s] Invoking command in '/home/wufy/ros2_ws/build/my_robot_description': CMAKE_PREFIX_PATH=${CMAKE_PREFIX_PATH}:/opt/ros/humble /usr/bin/cmake /home/wufy/ros2_ws/src/my_robot_description -DAMENT_CMAKE_SYMLINK_INSTALL=1 -DCMAKE_INSTALL_PREFIX=/home/wufy/ros2_ws/install/my_robot_description
[0.081s] -- The C compiler identification is GNU 11.4.0
[0.141s] -- The CXX compiler identification is GNU 11.4.0
[0.149s] -- Detecting C compiler ABI info
[0.211s] -- Detecting C compiler ABI info - done
[0.215s] -- Check for working C compiler: /usr/bin/cc - skipped
[0.216s] -- Detecting C compile features
[0.216s] -- Detecting C compile features - done
[0.218s] -- Detecting CXX compiler ABI info
[0.285s] -- Detecting CXX compiler ABI info - done
[0.290s] -- Check for working CXX compiler: /usr/bin/c++ - skipped
[0.290s] -- Detecting CXX compile features
[0.290s] -- Detecting CXX compile features - done
[0.293s] -- Found ament_cmake: 1.3.11 (/opt/ros/humble/share/ament_cmake/cmake)
[0.412s] -- Found Python3: /usr/bin/python3 (found version "3.10.12") found components: Interpreter 
[0.475s] -- Override CMake install command with custom implementation using symlinks instead of copying resources
[0.555s] -- Configuring done
[0.557s] -- Generating done
[0.558s] -- Build files have been written to: /home/wufy/ros2_ws/build/my_robot_description
[0.565s] Invoked command in '/home/wufy/ros2_ws/build/my_robot_description' returned '0': CMAKE_PREFIX_PATH=${CMAKE_PREFIX_PATH}:/opt/ros/humble /usr/bin/cmake /home/wufy/ros2_ws/src/my_robot_description -DAMENT_CMAKE_SYMLINK_INSTALL=1 -DCMAKE_INSTALL_PREFIX=/home/wufy/ros2_ws/install/my_robot_description
[0.566s] Invoking command in '/home/wufy/ros2_ws/build/my_robot_description': CMAKE_PREFIX_PATH=${CMAKE_PREFIX_PATH}:/opt/ros/humble /usr/bin/cmake --build /home/wufy/ros2_ws/build/my_robot_description -- -j16 -l16
[0.601s] Invoked command in '/home/wufy/ros2_ws/build/my_robot_description' returned '0': CMAKE_PREFIX_PATH=${CMAKE_PREFIX_PATH}:/opt/ros/humble /usr/bin/cmake --build /home/wufy/ros2_ws/build/my_robot_description -- -j16 -l16
[0.613s] Invoking command in '/home/wufy/ros2_ws/build/my_robot_description': CMAKE_PREFIX_PATH=${CMAKE_PREFIX_PATH}:/opt/ros/humble /usr/bin/cmake --install /home/wufy/ros2_ws/build/my_robot_description
[0.620s] -- Install configuration: ""
[0.620s] -- Execute custom install script
[0.620s] -- Symlinking: /home/wufy/ros2_ws/install/my_robot_description/share/my_robot_description//worlds/basketball.world
[0.630s] -- Symlinking: /home/wufy/ros2_ws/install/my_robot_description/share/my_robot_description//worlds/new_vision.world
[0.639s] -- Symlinking: /home/wufy/ros2_ws/install/my_robot_description/share/my_robot_description//worlds/robocon25.world
[0.648s] -- Symlinking: /home/wufy/ros2_ws/install/my_robot_description/share/my_robot_description//models/RoboCon25_Field/materials/scripts/robocon25_field.material
[0.657s] -- Symlinking: /home/wufy/ros2_ws/install/my_robot_description/share/my_robot_description//models/RoboCon25_Field/materials/textures/carpet.jpg
[0.664s] -- Symlinking: /home/wufy/ros2_ws/install/my_robot_description/share/my_robot_description//models/RoboCon25_Field/materials/textures/lines.png
[0.674s] -- Symlinking: /home/wufy/ros2_ws/install/my_robot_description/share/my_robot_description//models/RoboCon25_Field/model.config
[0.682s] -- Symlinking: /home/wufy/ros2_ws/install/my_robot_description/share/my_robot_description//models/RoboCon25_Field/model.sdf
[0.692s] -- Symlinking: /home/wufy/ros2_ws/install/my_robot_description/share/my_robot_description//models/basketball/basketball.sdf
[0.700s] -- Symlinking: /home/wufy/ros2_ws/install/my_robot_description/share/my_robot_description//models/basketball/model.config
[0.710s] -- Symlinking: /home/wufy/ros2_ws/install/my_robot_description/share/my_robot_description//models/basketball/model.dae
[0.718s] -- Symlinking: /home/wufy/ros2_ws/install/my_robot_description/share/my_robot_description//models/hoop1/hoop.sdf
[0.727s] -- Symlinking: /home/wufy/ros2_ws/install/my_robot_description/share/my_robot_description//models/hoop1/model.config
[0.736s] -- Symlinking: /home/wufy/ros2_ws/install/my_robot_description/share/my_robot_description//models/hoop1/model.dae
[0.743s] -- Symlinking: /home/wufy/ros2_ws/install/my_robot_description/share/my_robot_description//models/hoop1/model/BB2140.jpg
[0.750s] -- Symlinking: /home/wufy/ros2_ws/install/my_robot_description/share/my_robot_description//models/hoop1/model/model.config
[0.759s] -- Symlinking: /home/wufy/ros2_ws/install/my_robot_description/share/my_robot_description//models/hoop2/hoop.sdf
[0.768s] -- Symlinking: /home/wufy/ros2_ws/install/my_robot_description/share/my_robot_description//models/hoop2/model.config
[0.775s] -- Symlinking: /home/wufy/ros2_ws/install/my_robot_description/share/my_robot_description//models/hoop2/model.dae
[0.784s] -- Symlinking: /home/wufy/ros2_ws/install/my_robot_description/share/my_robot_description//models/hoop2/model/BB2140.jpg
[0.792s] -- Symlinking: /home/wufy/ros2_ws/install/my_robot_description/share/my_robot_description//models/hoop2/model/model.config
[0.801s] -- Symlinking: /home/wufy/ros2_ws/install/my_robot_description/share/my_robot_description//models/hoopC/model.config
[0.809s] -- Symlinking: /home/wufy/ros2_ws/install/my_robot_description/share/my_robot_description//models/hoopC/model.dae
[0.820s] -- Symlinking: /home/wufy/ros2_ws/install/my_robot_description/share/my_robot_description//models/model.config
[0.826s] -- Symlinking: /home/wufy/ros2_ws/install/my_robot_description/share/my_robot_description//models/robot.model
[0.836s] -- Symlinking: /home/wufy/ros2_ws/install/my_robot_description/share/my_robot_description//urdf/actuator/wheel.urdf.xacro
[0.843s] -- Symlinking: /home/wufy/ros2_ws/install/my_robot_description/share/my_robot_description//urdf/color.xacro
[0.854s] -- Symlinking: /home/wufy/ros2_ws/install/my_robot_description/share/my_robot_description//urdf/common_inertia.xacro
[0.861s] -- Symlinking: /home/wufy/ros2_ws/install/my_robot_description/share/my_robot_description//urdf/my_robot.urdf.xacro
[0.869s] -- Symlinking: /home/wufy/ros2_ws/install/my_robot_description/share/my_robot_description//urdf/my_robot.urdf1.xacro
[0.877s] -- Symlinking: /home/wufy/ros2_ws/install/my_robot_description/share/my_robot_description//urdf/my_robot.urdf_bak.xacro
[0.887s] -- Symlinking: /home/wufy/ros2_ws/install/my_robot_description/share/my_robot_description//urdf/my_robot.urdf_bak1.xacro
[0.895s] -- Symlinking: /home/wufy/ros2_ws/install/my_robot_description/share/my_robot_description//urdf/myrobot_ros2_control.xacro
[0.902s] -- Symlinking: /home/wufy/ros2_ws/install/my_robot_description/share/my_robot_description//urdf/plugin/imu_plugin copy.xacro
[0.911s] -- Symlinking: /home/wufy/ros2_ws/install/my_robot_description/share/my_robot_description//urdf/plugin/imu_plugin.xacro
[0.921s] -- Symlinking: /home/wufy/ros2_ws/install/my_robot_description/share/my_robot_description//urdf/plugin/laser_plugin.xacro
[0.931s] -- Symlinking: /home/wufy/ros2_ws/install/my_robot_description/share/my_robot_description//urdf/plugin/laser_plugin_single.xacro
[0.939s] -- Symlinking: /home/wufy/ros2_ws/install/my_robot_description/share/my_robot_description//urdf/sensor/imu.urdf copy.xacro
[0.951s] -- Symlinking: /home/wufy/ros2_ws/install/my_robot_description/share/my_robot_description//urdf/sensor/imu.urdf.xacro
[0.961s] -- Symlinking: /home/wufy/ros2_ws/install/my_robot_description/share/my_robot_description//urdf/sensor/laser.urdf.xacro
[0.970s] -- Symlinking: /home/wufy/ros2_ws/install/my_robot_description/share/my_robot_description//urdf/sensor/laser_single.urdf.xacro
[0.982s] -- Symlinking: /home/wufy/ros2_ws/install/my_robot_description/share/my_robot_description//urdf/舵轮底盘0.csv
[0.992s] -- Symlinking: /home/wufy/ros2_ws/install/my_robot_description/share/my_robot_description//launch/control.launch.py
[1.002s] -- Symlinking: /home/wufy/ros2_ws/install/my_robot_description/share/my_robot_description//launch/display.launch.xml
[1.015s] -- Symlinking: /home/wufy/ros2_ws/install/my_robot_description/share/my_robot_description//launch/load_world.launch.py
[1.026s] -- Symlinking: /home/wufy/ros2_ws/install/my_robot_description/share/my_robot_description//launch/load_world.launch.xml
[1.036s] -- Symlinking: /home/wufy/ros2_ws/install/my_robot_description/share/my_robot_description//rviz/urdf_config.rviz
[1.047s] -- Symlinking: /home/wufy/ros2_ws/install/my_robot_description/share/my_robot_description//meshes/base_link.STL
[1.057s] -- Symlinking: /home/wufy/ros2_ws/install/my_robot_description/share/my_robot_description//meshes/wheel1.STL
[1.067s] -- Symlinking: /home/wufy/ros2_ws/install/my_robot_description/share/my_robot_description//meshes/wheel1_1.STL
[1.079s] -- Symlinking: /home/wufy/ros2_ws/install/my_robot_description/share/my_robot_description//meshes/wheel2.STL
[1.090s] -- Symlinking: /home/wufy/ros2_ws/install/my_robot_description/share/my_robot_description//meshes/wheel2_2.STL
[1.099s] -- Symlinking: /home/wufy/ros2_ws/install/my_robot_description/share/my_robot_description//meshes/wheel3.STL
[1.111s] -- Symlinking: /home/wufy/ros2_ws/install/my_robot_description/share/my_robot_description//meshes/wheel3_3.STL
[1.124s] -- Symlinking: /home/wufy/ros2_ws/install/my_robot_description/share/my_robot_description//config/joint_names_舵轮底盘0.yaml
[1.132s] -- Symlinking: /home/wufy/ros2_ws/install/my_robot_description/share/ament_index/resource_index/package_run_dependencies/my_robot_description
[1.144s] -- Symlinking: /home/wufy/ros2_ws/install/my_robot_description/share/ament_index/resource_index/parent_prefix_path/my_robot_description
[1.156s] -- Symlinking: /home/wufy/ros2_ws/install/my_robot_description/share/my_robot_description/environment/ament_prefix_path.sh
[1.165s] -- Symlinking: /home/wufy/ros2_ws/install/my_robot_description/share/my_robot_description/environment/ament_prefix_path.dsv
[1.175s] -- Symlinking: /home/wufy/ros2_ws/install/my_robot_description/share/my_robot_description/environment/path.sh
[1.186s] -- Symlinking: /home/wufy/ros2_ws/install/my_robot_description/share/my_robot_description/environment/path.dsv
[1.196s] -- Symlinking: /home/wufy/ros2_ws/install/my_robot_description/share/my_robot_description/local_setup.bash
[1.207s] -- Symlinking: /home/wufy/ros2_ws/install/my_robot_description/share/my_robot_description/local_setup.sh
[1.217s] -- Symlinking: /home/wufy/ros2_ws/install/my_robot_description/share/my_robot_description/local_setup.zsh
[1.226s] -- Symlinking: /home/wufy/ros2_ws/install/my_robot_description/share/my_robot_description/local_setup.dsv
[1.236s] -- Symlinking: /home/wufy/ros2_ws/install/my_robot_description/share/my_robot_description/package.dsv
[1.245s] -- Symlinking: /home/wufy/ros2_ws/install/my_robot_description/share/ament_index/resource_index/packages/my_robot_description
[1.256s] -- Symlinking: /home/wufy/ros2_ws/install/my_robot_description/share/my_robot_description/cmake/my_robot_descriptionConfig.cmake
[1.264s] -- Symlinking: /home/wufy/ros2_ws/install/my_robot_description/share/my_robot_description/cmake/my_robot_descriptionConfig-version.cmake
[1.274s] -- Symlinking: /home/wufy/ros2_ws/install/my_robot_description/share/my_robot_description/package.xml
[1.288s] Invoked command in '/home/wufy/ros2_ws/build/my_robot_description' returned '0': CMAKE_PREFIX_PATH=${CMAKE_PREFIX_PATH}:/opt/ros/humble /usr/bin/cmake --install /home/wufy/ros2_ws/build/my_robot_description
