[0.072s] DEBUG:colcon:Command line arguments: ['/usr/bin/colcon', 'build', '--symlink-install']
[0.072s] DEBUG:colcon:Parsed command line arguments: Namespace(log_base=None, log_level=None, verb_name='build', build_base='build', install_base='install', merge_install=False, symlink_install=True, test_result_base=None, continue_on_error=False, executor='parallel', parallel_workers=16, event_handlers=None, ignore_user_meta=False, metas=['./colcon.meta'], base_paths=['.'], packages_ignore=None, packages_ignore_regex=None, paths=None, packages_up_to=None, packages_up_to_regex=None, packages_above=None, packages_above_and_dependencies=None, packages_above_depth=None, packages_select_by_dep=None, packages_skip_by_dep=None, packages_skip_up_to=None, packages_select_build_failed=False, packages_skip_build_finished=False, packages_select_test_failures=False, packages_skip_test_passed=False, packages_select=None, packages_skip=None, packages_select_regex=None, packages_skip_regex=None, packages_start=None, packages_end=None, allow_overriding=[], cmake_args=None, cmake_target=None, cmake_target_skip_unavailable=False, cmake_clean_cache=False, cmake_clean_first=False, cmake_force_configure=False, ament_cmake_args=None, catkin_cmake_args=None, catkin_skip_building_tests=False, verb_parser=<colcon_defaults.argument_parser.defaults.DefaultArgumentsDecorator object at 0x7ec17a681cc0>, verb_extension=<colcon_core.verb.build.BuildVerb object at 0x7ec17a787700>, main=<bound method BuildVerb.main of <colcon_core.verb.build.BuildVerb object at 0x7ec17a787700>>)
[0.187s] Level 1:colcon.colcon_core.package_discovery:discover_packages(colcon_meta) check parameters
[0.187s] Level 1:colcon.colcon_core.package_discovery:discover_packages(recursive) check parameters
[0.187s] Level 1:colcon.colcon_core.package_discovery:discover_packages(ignore) check parameters
[0.187s] Level 1:colcon.colcon_core.package_discovery:discover_packages(path) check parameters
[0.187s] Level 1:colcon.colcon_core.package_discovery:discover_packages(colcon_meta) discover
[0.187s] Level 1:colcon.colcon_core.package_discovery:discover_packages(recursive) discover
[0.187s] INFO:colcon.colcon_core.package_discovery:Crawling recursively for packages in '/home/wufy/ros2_ws'
[0.187s] Level 1:colcon.colcon_core.package_identification:_identify(.) by extensions ['ignore', 'ignore_ament_install']
[0.187s] Level 1:colcon.colcon_core.package_identification:_identify(.) by extension 'ignore'
[0.187s] Level 1:colcon.colcon_core.package_identification:_identify(.) by extension 'ignore_ament_install'
[0.187s] Level 1:colcon.colcon_core.package_identification:_identify(.) by extensions ['colcon_pkg']
[0.187s] Level 1:colcon.colcon_core.package_identification:_identify(.) by extension 'colcon_pkg'
[0.187s] Level 1:colcon.colcon_core.package_identification:_identify(.) by extensions ['colcon_meta']
[0.187s] Level 1:colcon.colcon_core.package_identification:_identify(.) by extension 'colcon_meta'
[0.187s] Level 1:colcon.colcon_core.package_identification:_identify(.) by extensions ['ros']
[0.187s] Level 1:colcon.colcon_core.package_identification:_identify(.) by extension 'ros'
[0.204s] Level 1:colcon.colcon_core.package_identification:_identify(.) by extensions ['cmake', 'python']
[0.205s] Level 1:colcon.colcon_core.package_identification:_identify(.) by extension 'cmake'
[0.205s] Level 1:colcon.colcon_core.package_identification:_identify(.) by extension 'python'
[0.205s] Level 1:colcon.colcon_core.package_identification:_identify(.) by extensions ['python_setup_py']
[0.205s] Level 1:colcon.colcon_core.package_identification:_identify(.) by extension 'python_setup_py'
[0.205s] Level 1:colcon.colcon_core.package_identification:_identify(build) by extensions ['ignore', 'ignore_ament_install']
[0.205s] Level 1:colcon.colcon_core.package_identification:_identify(build) by extension 'ignore'
[0.205s] Level 1:colcon.colcon_core.package_identification:_identify(build) ignored
[0.205s] Level 1:colcon.colcon_core.package_identification:_identify(install) by extensions ['ignore', 'ignore_ament_install']
[0.205s] Level 1:colcon.colcon_core.package_identification:_identify(install) by extension 'ignore'
[0.205s] Level 1:colcon.colcon_core.package_identification:_identify(install) ignored
[0.205s] Level 1:colcon.colcon_core.package_identification:_identify(log) by extensions ['ignore', 'ignore_ament_install']
[0.205s] Level 1:colcon.colcon_core.package_identification:_identify(log) by extension 'ignore'
[0.205s] Level 1:colcon.colcon_core.package_identification:_identify(log) ignored
[0.205s] Level 1:colcon.colcon_core.package_identification:_identify(src) by extensions ['ignore', 'ignore_ament_install']
[0.205s] Level 1:colcon.colcon_core.package_identification:_identify(src) by extension 'ignore'
[0.205s] Level 1:colcon.colcon_core.package_identification:_identify(src) by extension 'ignore_ament_install'
[0.205s] Level 1:colcon.colcon_core.package_identification:_identify(src) by extensions ['colcon_pkg']
[0.205s] Level 1:colcon.colcon_core.package_identification:_identify(src) by extension 'colcon_pkg'
[0.205s] Level 1:colcon.colcon_core.package_identification:_identify(src) by extensions ['colcon_meta']
[0.205s] Level 1:colcon.colcon_core.package_identification:_identify(src) by extension 'colcon_meta'
[0.205s] Level 1:colcon.colcon_core.package_identification:_identify(src) by extensions ['ros']
[0.205s] Level 1:colcon.colcon_core.package_identification:_identify(src) by extension 'ros'
[0.205s] Level 1:colcon.colcon_core.package_identification:_identify(src) by extensions ['cmake', 'python']
[0.205s] Level 1:colcon.colcon_core.package_identification:_identify(src) by extension 'cmake'
[0.205s] Level 1:colcon.colcon_core.package_identification:_identify(src) by extension 'python'
[0.205s] Level 1:colcon.colcon_core.package_identification:_identify(src) by extensions ['python_setup_py']
[0.205s] Level 1:colcon.colcon_core.package_identification:_identify(src) by extension 'python_setup_py'
[0.205s] Level 1:colcon.colcon_core.package_identification:_identify(src/my_robot_bringup) by extensions ['ignore', 'ignore_ament_install']
[0.205s] Level 1:colcon.colcon_core.package_identification:_identify(src/my_robot_bringup) by extension 'ignore'
[0.205s] Level 1:colcon.colcon_core.package_identification:_identify(src/my_robot_bringup) by extension 'ignore_ament_install'
[0.205s] Level 1:colcon.colcon_core.package_identification:_identify(src/my_robot_bringup) by extensions ['colcon_pkg']
[0.205s] Level 1:colcon.colcon_core.package_identification:_identify(src/my_robot_bringup) by extension 'colcon_pkg'
[0.205s] Level 1:colcon.colcon_core.package_identification:_identify(src/my_robot_bringup) by extensions ['colcon_meta']
[0.205s] Level 1:colcon.colcon_core.package_identification:_identify(src/my_robot_bringup) by extension 'colcon_meta'
[0.205s] Level 1:colcon.colcon_core.package_identification:_identify(src/my_robot_bringup) by extensions ['ros']
[0.205s] Level 1:colcon.colcon_core.package_identification:_identify(src/my_robot_bringup) by extension 'ros'
[0.207s] DEBUG:colcon.colcon_core.package_identification:Package 'src/my_robot_bringup' with type 'ros.ament_cmake' and name 'my_robot_bringup'
[0.207s] Level 1:colcon.colcon_core.package_identification:_identify(src/my_robot_description) by extensions ['ignore', 'ignore_ament_install']
[0.207s] Level 1:colcon.colcon_core.package_identification:_identify(src/my_robot_description) by extension 'ignore'
[0.207s] Level 1:colcon.colcon_core.package_identification:_identify(src/my_robot_description) by extension 'ignore_ament_install'
[0.207s] Level 1:colcon.colcon_core.package_identification:_identify(src/my_robot_description) by extensions ['colcon_pkg']
[0.207s] Level 1:colcon.colcon_core.package_identification:_identify(src/my_robot_description) by extension 'colcon_pkg'
[0.207s] Level 1:colcon.colcon_core.package_identification:_identify(src/my_robot_description) by extensions ['colcon_meta']
[0.207s] Level 1:colcon.colcon_core.package_identification:_identify(src/my_robot_description) by extension 'colcon_meta'
[0.207s] Level 1:colcon.colcon_core.package_identification:_identify(src/my_robot_description) by extensions ['ros']
[0.207s] Level 1:colcon.colcon_core.package_identification:_identify(src/my_robot_description) by extension 'ros'
[0.207s] DEBUG:colcon.colcon_core.package_identification:Package 'src/my_robot_description' with type 'ros.ament_cmake' and name 'my_robot_description'
[0.207s] Level 1:colcon.colcon_core.package_identification:_identify(src/myrobot_controller) by extensions ['ignore', 'ignore_ament_install']
[0.207s] Level 1:colcon.colcon_core.package_identification:_identify(src/myrobot_controller) by extension 'ignore'
[0.207s] Level 1:colcon.colcon_core.package_identification:_identify(src/myrobot_controller) by extension 'ignore_ament_install'
[0.208s] Level 1:colcon.colcon_core.package_identification:_identify(src/myrobot_controller) by extensions ['colcon_pkg']
[0.208s] Level 1:colcon.colcon_core.package_identification:_identify(src/myrobot_controller) by extension 'colcon_pkg'
[0.208s] Level 1:colcon.colcon_core.package_identification:_identify(src/myrobot_controller) by extensions ['colcon_meta']
[0.208s] Level 1:colcon.colcon_core.package_identification:_identify(src/myrobot_controller) by extension 'colcon_meta'
[0.208s] Level 1:colcon.colcon_core.package_identification:_identify(src/myrobot_controller) by extensions ['ros']
[0.208s] Level 1:colcon.colcon_core.package_identification:_identify(src/myrobot_controller) by extension 'ros'
[0.208s] DEBUG:colcon.colcon_core.package_identification:Package 'src/myrobot_controller' with type 'ros.ament_cmake' and name 'myrobot_controller'
[0.208s] Level 1:colcon.colcon_core.package_discovery:discover_packages(recursive) using defaults
[0.208s] Level 1:colcon.colcon_core.package_discovery:discover_packages(ignore) discover
[0.208s] Level 1:colcon.colcon_core.package_discovery:discover_packages(ignore) using defaults
[0.208s] Level 1:colcon.colcon_core.package_discovery:discover_packages(path) discover
[0.208s] Level 1:colcon.colcon_core.package_discovery:discover_packages(path) using defaults
[0.221s] Level 1:colcon.colcon_core.package_discovery:discover_packages(prefix_path) check parameters
[0.221s] Level 1:colcon.colcon_core.package_discovery:discover_packages(prefix_path) discover
[0.222s] WARNING:colcon.colcon_ros.prefix_path.ament:The path '/home/wufy/ros2_ws/install/myrobot_controller' in the environment variable AMENT_PREFIX_PATH doesn't exist
[0.222s] WARNING:colcon.colcon_ros.prefix_path.ament:The path '/home/wufy/ros2_ws/install/my_robot_bringup' in the environment variable AMENT_PREFIX_PATH doesn't exist
[0.222s] WARNING:colcon.colcon_ros.prefix_path.ament:The path '/home/wufy/ros2_ws/install/my_robot_description' in the environment variable AMENT_PREFIX_PATH doesn't exist
[0.222s] WARNING:colcon.colcon_ros.prefix_path.catkin:The path '/home/wufy/ros2_ws/install/myrobot_controller' in the environment variable CMAKE_PREFIX_PATH doesn't exist
[0.222s] WARNING:colcon.colcon_ros.prefix_path.catkin:The path '/home/wufy/ros2_ws/install/my_robot_bringup' in the environment variable CMAKE_PREFIX_PATH doesn't exist
[0.222s] WARNING:colcon.colcon_ros.prefix_path.catkin:The path '/home/wufy/ros2_ws/install/my_robot_description' in the environment variable CMAKE_PREFIX_PATH doesn't exist
[0.222s] DEBUG:colcon.colcon_installed_package_information.package_discovery:Found 0 installed packages in /home/wufy/ros2_ws/install
[0.223s] DEBUG:colcon.colcon_installed_package_information.package_discovery:Found 374 installed packages in /opt/ros/humble
[0.225s] Level 1:colcon.colcon_core.package_discovery:discover_packages(prefix_path) using defaults
[0.257s] Level 5:colcon.colcon_core.verb:set package 'my_robot_description' build argument 'cmake_args' from command line to 'None'
[0.257s] Level 5:colcon.colcon_core.verb:set package 'my_robot_description' build argument 'cmake_target' from command line to 'None'
[0.257s] Level 5:colcon.colcon_core.verb:set package 'my_robot_description' build argument 'cmake_target_skip_unavailable' from command line to 'False'
[0.257s] Level 5:colcon.colcon_core.verb:set package 'my_robot_description' build argument 'cmake_clean_cache' from command line to 'False'
[0.257s] Level 5:colcon.colcon_core.verb:set package 'my_robot_description' build argument 'cmake_clean_first' from command line to 'False'
[0.257s] Level 5:colcon.colcon_core.verb:set package 'my_robot_description' build argument 'cmake_force_configure' from command line to 'False'
[0.257s] Level 5:colcon.colcon_core.verb:set package 'my_robot_description' build argument 'ament_cmake_args' from command line to 'None'
[0.257s] Level 5:colcon.colcon_core.verb:set package 'my_robot_description' build argument 'catkin_cmake_args' from command line to 'None'
[0.257s] Level 5:colcon.colcon_core.verb:set package 'my_robot_description' build argument 'catkin_skip_building_tests' from command line to 'False'
[0.257s] DEBUG:colcon.colcon_core.verb:Building package 'my_robot_description' with the following arguments: {'ament_cmake_args': None, 'build_base': '/home/wufy/ros2_ws/build/my_robot_description', 'catkin_cmake_args': None, 'catkin_skip_building_tests': False, 'cmake_args': None, 'cmake_clean_cache': False, 'cmake_clean_first': False, 'cmake_force_configure': False, 'cmake_target': None, 'cmake_target_skip_unavailable': False, 'install_base': '/home/wufy/ros2_ws/install/my_robot_description', 'merge_install': False, 'path': '/home/wufy/ros2_ws/src/my_robot_description', 'symlink_install': True, 'test_result_base': None}
[0.257s] Level 5:colcon.colcon_core.verb:set package 'myrobot_controller' build argument 'cmake_args' from command line to 'None'
[0.257s] Level 5:colcon.colcon_core.verb:set package 'myrobot_controller' build argument 'cmake_target' from command line to 'None'
[0.257s] Level 5:colcon.colcon_core.verb:set package 'myrobot_controller' build argument 'cmake_target_skip_unavailable' from command line to 'False'
[0.257s] Level 5:colcon.colcon_core.verb:set package 'myrobot_controller' build argument 'cmake_clean_cache' from command line to 'False'
[0.257s] Level 5:colcon.colcon_core.verb:set package 'myrobot_controller' build argument 'cmake_clean_first' from command line to 'False'
[0.257s] Level 5:colcon.colcon_core.verb:set package 'myrobot_controller' build argument 'cmake_force_configure' from command line to 'False'
[0.257s] Level 5:colcon.colcon_core.verb:set package 'myrobot_controller' build argument 'ament_cmake_args' from command line to 'None'
[0.257s] Level 5:colcon.colcon_core.verb:set package 'myrobot_controller' build argument 'catkin_cmake_args' from command line to 'None'
[0.257s] Level 5:colcon.colcon_core.verb:set package 'myrobot_controller' build argument 'catkin_skip_building_tests' from command line to 'False'
[0.257s] DEBUG:colcon.colcon_core.verb:Building package 'myrobot_controller' with the following arguments: {'ament_cmake_args': None, 'build_base': '/home/wufy/ros2_ws/build/myrobot_controller', 'catkin_cmake_args': None, 'catkin_skip_building_tests': False, 'cmake_args': None, 'cmake_clean_cache': False, 'cmake_clean_first': False, 'cmake_force_configure': False, 'cmake_target': None, 'cmake_target_skip_unavailable': False, 'install_base': '/home/wufy/ros2_ws/install/myrobot_controller', 'merge_install': False, 'path': '/home/wufy/ros2_ws/src/myrobot_controller', 'symlink_install': True, 'test_result_base': None}
[0.257s] Level 5:colcon.colcon_core.verb:set package 'my_robot_bringup' build argument 'cmake_args' from command line to 'None'
[0.257s] Level 5:colcon.colcon_core.verb:set package 'my_robot_bringup' build argument 'cmake_target' from command line to 'None'
[0.257s] Level 5:colcon.colcon_core.verb:set package 'my_robot_bringup' build argument 'cmake_target_skip_unavailable' from command line to 'False'
[0.257s] Level 5:colcon.colcon_core.verb:set package 'my_robot_bringup' build argument 'cmake_clean_cache' from command line to 'False'
[0.257s] Level 5:colcon.colcon_core.verb:set package 'my_robot_bringup' build argument 'cmake_clean_first' from command line to 'False'
[0.257s] Level 5:colcon.colcon_core.verb:set package 'my_robot_bringup' build argument 'cmake_force_configure' from command line to 'False'
[0.257s] Level 5:colcon.colcon_core.verb:set package 'my_robot_bringup' build argument 'ament_cmake_args' from command line to 'None'
[0.257s] Level 5:colcon.colcon_core.verb:set package 'my_robot_bringup' build argument 'catkin_cmake_args' from command line to 'None'
[0.257s] Level 5:colcon.colcon_core.verb:set package 'my_robot_bringup' build argument 'catkin_skip_building_tests' from command line to 'False'
[0.257s] DEBUG:colcon.colcon_core.verb:Building package 'my_robot_bringup' with the following arguments: {'ament_cmake_args': None, 'build_base': '/home/wufy/ros2_ws/build/my_robot_bringup', 'catkin_cmake_args': None, 'catkin_skip_building_tests': False, 'cmake_args': None, 'cmake_clean_cache': False, 'cmake_clean_first': False, 'cmake_force_configure': False, 'cmake_target': None, 'cmake_target_skip_unavailable': False, 'install_base': '/home/wufy/ros2_ws/install/my_robot_bringup', 'merge_install': False, 'path': '/home/wufy/ros2_ws/src/my_robot_bringup', 'symlink_install': True, 'test_result_base': None}
[0.257s] INFO:colcon.colcon_core.executor:Executing jobs using 'parallel' executor
[0.259s] DEBUG:colcon.colcon_parallel_executor.executor.parallel:run_until_complete
[0.259s] INFO:colcon.colcon_ros.task.ament_cmake.build:Building ROS package in '/home/wufy/ros2_ws/src/my_robot_description' with build type 'ament_cmake'
[0.259s] INFO:colcon.colcon_cmake.task.cmake.build:Building CMake package in '/home/wufy/ros2_ws/src/my_robot_description'
[0.261s] INFO:colcon.colcon_core.plugin_system:Skipping extension 'colcon_core.shell.bat': Not used on non-Windows systems
[0.262s] INFO:colcon.colcon_core.shell:Skip shell extension 'powershell' for command environment: Not usable outside of PowerShell
[0.262s] DEBUG:colcon.colcon_core.shell:Skip shell extension 'dsv' for command environment
[0.264s] INFO:colcon.colcon_ros.task.ament_cmake.build:Building ROS package in '/home/wufy/ros2_ws/src/myrobot_controller' with build type 'ament_cmake'
[0.264s] INFO:colcon.colcon_cmake.task.cmake.build:Building CMake package in '/home/wufy/ros2_ws/src/myrobot_controller'
[0.264s] INFO:colcon.colcon_core.shell:Skip shell extension 'powershell' for command environment: Not usable outside of PowerShell
[0.264s] DEBUG:colcon.colcon_core.shell:Skip shell extension 'dsv' for command environment
[0.270s] DEBUG:colcon.colcon_core.event_handler.log_command:Invoking command in '/home/wufy/ros2_ws/build/my_robot_description': CMAKE_PREFIX_PATH=${CMAKE_PREFIX_PATH}:/opt/ros/humble /usr/bin/cmake /home/wufy/ros2_ws/src/my_robot_description -DAMENT_CMAKE_SYMLINK_INSTALL=1 -DCMAKE_INSTALL_PREFIX=/home/wufy/ros2_ws/install/my_robot_description
[0.272s] DEBUG:colcon.colcon_core.event_handler.log_command:Invoking command in '/home/wufy/ros2_ws/build/myrobot_controller': CMAKE_PREFIX_PATH=${CMAKE_PREFIX_PATH}:/opt/ros/humble /usr/bin/cmake /home/wufy/ros2_ws/src/myrobot_controller -DAMENT_CMAKE_SYMLINK_INSTALL=1 -DCMAKE_INSTALL_PREFIX=/home/wufy/ros2_ws/install/myrobot_controller
[0.825s] DEBUG:colcon.colcon_core.event_handler.log_command:Invoked command in '/home/wufy/ros2_ws/build/my_robot_description' returned '0': CMAKE_PREFIX_PATH=${CMAKE_PREFIX_PATH}:/opt/ros/humble /usr/bin/cmake /home/wufy/ros2_ws/src/my_robot_description -DAMENT_CMAKE_SYMLINK_INSTALL=1 -DCMAKE_INSTALL_PREFIX=/home/wufy/ros2_ws/install/my_robot_description
[0.826s] DEBUG:colcon.colcon_core.event_handler.log_command:Invoking command in '/home/wufy/ros2_ws/build/my_robot_description': CMAKE_PREFIX_PATH=${CMAKE_PREFIX_PATH}:/opt/ros/humble /usr/bin/cmake --build /home/wufy/ros2_ws/build/my_robot_description -- -j16 -l16
[0.861s] DEBUG:colcon.colcon_core.event_handler.log_command:Invoked command in '/home/wufy/ros2_ws/build/my_robot_description' returned '0': CMAKE_PREFIX_PATH=${CMAKE_PREFIX_PATH}:/opt/ros/humble /usr/bin/cmake --build /home/wufy/ros2_ws/build/my_robot_description -- -j16 -l16
[0.873s] DEBUG:colcon.colcon_core.event_handler.log_command:Invoking command in '/home/wufy/ros2_ws/build/my_robot_description': CMAKE_PREFIX_PATH=${CMAKE_PREFIX_PATH}:/opt/ros/humble /usr/bin/cmake --install /home/wufy/ros2_ws/build/my_robot_description
[1.462s] DEBUG:colcon.colcon_core.event_handler.log_command:Invoked command in '/home/wufy/ros2_ws/build/myrobot_controller' returned '0': CMAKE_PREFIX_PATH=${CMAKE_PREFIX_PATH}:/opt/ros/humble /usr/bin/cmake /home/wufy/ros2_ws/src/myrobot_controller -DAMENT_CMAKE_SYMLINK_INSTALL=1 -DCMAKE_INSTALL_PREFIX=/home/wufy/ros2_ws/install/myrobot_controller
[1.464s] DEBUG:colcon.colcon_core.event_handler.log_command:Invoking command in '/home/wufy/ros2_ws/build/myrobot_controller': CMAKE_PREFIX_PATH=${CMAKE_PREFIX_PATH}:/opt/ros/humble /usr/bin/cmake --build /home/wufy/ros2_ws/build/myrobot_controller -- -j16 -l16
[1.547s] Level 1:colcon.colcon_core.environment:create_environment_scripts_only(my_robot_description)
[1.548s] DEBUG:colcon.colcon_core.event_handler.log_command:Invoked command in '/home/wufy/ros2_ws/build/my_robot_description' returned '0': CMAKE_PREFIX_PATH=${CMAKE_PREFIX_PATH}:/opt/ros/humble /usr/bin/cmake --install /home/wufy/ros2_ws/build/my_robot_description
[1.550s] Level 1:colcon.colcon_core.environment:checking '/home/wufy/ros2_ws/install/my_robot_description' for CMake module files
[1.550s] Level 1:colcon.colcon_core.environment:checking '/home/wufy/ros2_ws/install/my_robot_description' for CMake config files
[1.550s] Level 1:colcon.colcon_core.shell:create_environment_hook('my_robot_description', 'cmake_prefix_path')
[1.550s] INFO:colcon.colcon_core.shell:Creating environment hook '/home/wufy/ros2_ws/install/my_robot_description/share/my_robot_description/hook/cmake_prefix_path.ps1'
[1.551s] INFO:colcon.colcon_core.shell:Creating environment descriptor '/home/wufy/ros2_ws/install/my_robot_description/share/my_robot_description/hook/cmake_prefix_path.dsv'
[1.551s] INFO:colcon.colcon_core.shell:Creating environment hook '/home/wufy/ros2_ws/install/my_robot_description/share/my_robot_description/hook/cmake_prefix_path.sh'
[1.551s] Level 1:colcon.colcon_core.environment:checking '/home/wufy/ros2_ws/install/my_robot_description/bin'
[1.551s] Level 1:colcon.colcon_core.environment:checking '/home/wufy/ros2_ws/install/my_robot_description/lib/pkgconfig/my_robot_description.pc'
[1.551s] Level 1:colcon.colcon_core.environment:checking '/home/wufy/ros2_ws/install/my_robot_description/lib/python3.10/site-packages'
[1.552s] Level 1:colcon.colcon_core.environment:checking '/home/wufy/ros2_ws/install/my_robot_description/bin'
[1.552s] INFO:colcon.colcon_core.shell:Creating package script '/home/wufy/ros2_ws/install/my_robot_description/share/my_robot_description/package.ps1'
[1.552s] INFO:colcon.colcon_core.shell:Creating package descriptor '/home/wufy/ros2_ws/install/my_robot_description/share/my_robot_description/package.dsv'
[1.553s] INFO:colcon.colcon_core.shell:Creating package script '/home/wufy/ros2_ws/install/my_robot_description/share/my_robot_description/package.sh'
[1.553s] INFO:colcon.colcon_core.shell:Creating package script '/home/wufy/ros2_ws/install/my_robot_description/share/my_robot_description/package.bash'
[1.554s] INFO:colcon.colcon_core.shell:Creating package script '/home/wufy/ros2_ws/install/my_robot_description/share/my_robot_description/package.zsh'
[1.554s] Level 1:colcon.colcon_core.environment:create_file_with_runtime_dependencies(/home/wufy/ros2_ws/install/my_robot_description/share/colcon-core/packages/my_robot_description)
[1.556s] Level 1:colcon.colcon_core.environment:create_environment_scripts_only(my_robot_description)
[1.556s] Level 1:colcon.colcon_core.environment:checking '/home/wufy/ros2_ws/install/my_robot_description' for CMake module files
[1.556s] Level 1:colcon.colcon_core.environment:checking '/home/wufy/ros2_ws/install/my_robot_description' for CMake config files
[1.556s] Level 1:colcon.colcon_core.shell:create_environment_hook('my_robot_description', 'cmake_prefix_path')
[1.557s] INFO:colcon.colcon_core.shell:Creating environment hook '/home/wufy/ros2_ws/install/my_robot_description/share/my_robot_description/hook/cmake_prefix_path.ps1'
[1.557s] INFO:colcon.colcon_core.shell:Creating environment descriptor '/home/wufy/ros2_ws/install/my_robot_description/share/my_robot_description/hook/cmake_prefix_path.dsv'
[1.557s] INFO:colcon.colcon_core.shell:Creating environment hook '/home/wufy/ros2_ws/install/my_robot_description/share/my_robot_description/hook/cmake_prefix_path.sh'
[1.558s] Level 1:colcon.colcon_core.environment:checking '/home/wufy/ros2_ws/install/my_robot_description/bin'
[1.558s] Level 1:colcon.colcon_core.environment:checking '/home/wufy/ros2_ws/install/my_robot_description/lib/pkgconfig/my_robot_description.pc'
[1.559s] Level 1:colcon.colcon_core.environment:checking '/home/wufy/ros2_ws/install/my_robot_description/lib/python3.10/site-packages'
[1.559s] Level 1:colcon.colcon_core.environment:checking '/home/wufy/ros2_ws/install/my_robot_description/bin'
[1.559s] INFO:colcon.colcon_core.shell:Creating package script '/home/wufy/ros2_ws/install/my_robot_description/share/my_robot_description/package.ps1'
[1.559s] INFO:colcon.colcon_core.shell:Creating package descriptor '/home/wufy/ros2_ws/install/my_robot_description/share/my_robot_description/package.dsv'
[1.560s] INFO:colcon.colcon_core.shell:Creating package script '/home/wufy/ros2_ws/install/my_robot_description/share/my_robot_description/package.sh'
[1.561s] INFO:colcon.colcon_core.shell:Creating package script '/home/wufy/ros2_ws/install/my_robot_description/share/my_robot_description/package.bash'
[1.561s] INFO:colcon.colcon_core.shell:Creating package script '/home/wufy/ros2_ws/install/my_robot_description/share/my_robot_description/package.zsh'
[1.562s] Level 1:colcon.colcon_core.environment:create_file_with_runtime_dependencies(/home/wufy/ros2_ws/install/my_robot_description/share/colcon-core/packages/my_robot_description)
[1.562s] INFO:colcon.colcon_ros.task.ament_cmake.build:Building ROS package in '/home/wufy/ros2_ws/src/my_robot_bringup' with build type 'ament_cmake'
[1.562s] INFO:colcon.colcon_cmake.task.cmake.build:Building CMake package in '/home/wufy/ros2_ws/src/my_robot_bringup'
[1.562s] INFO:colcon.colcon_core.shell:Skip shell extension 'powershell' for command environment: Not usable outside of PowerShell
[1.562s] DEBUG:colcon.colcon_core.shell:Skip shell extension 'dsv' for command environment
[1.571s] DEBUG:colcon.colcon_core.event_handler.log_command:Invoking command in '/home/wufy/ros2_ws/build/my_robot_bringup': CMAKE_PREFIX_PATH=/home/wufy/ros2_ws/install/my_robot_description:/home/wufy/ros2_ws/install/myrobot_controller:/home/wufy/ros2_ws/install/my_robot_bringup:/opt/ros/humble /usr/bin/cmake /home/wufy/ros2_ws/src/my_robot_bringup -DAMENT_CMAKE_SYMLINK_INSTALL=1 -DCMAKE_INSTALL_PREFIX=/home/wufy/ros2_ws/install/my_robot_bringup
[2.136s] DEBUG:colcon.colcon_core.event_handler.log_command:Invoked command in '/home/wufy/ros2_ws/build/my_robot_bringup' returned '0': CMAKE_PREFIX_PATH=/home/wufy/ros2_ws/install/my_robot_description:/home/wufy/ros2_ws/install/myrobot_controller:/home/wufy/ros2_ws/install/my_robot_bringup:/opt/ros/humble /usr/bin/cmake /home/wufy/ros2_ws/src/my_robot_bringup -DAMENT_CMAKE_SYMLINK_INSTALL=1 -DCMAKE_INSTALL_PREFIX=/home/wufy/ros2_ws/install/my_robot_bringup
[2.138s] DEBUG:colcon.colcon_core.event_handler.log_command:Invoking command in '/home/wufy/ros2_ws/build/my_robot_bringup': CMAKE_PREFIX_PATH=/home/wufy/ros2_ws/install/my_robot_description:/home/wufy/ros2_ws/install/myrobot_controller:/home/wufy/ros2_ws/install/my_robot_bringup:/opt/ros/humble /usr/bin/cmake --build /home/wufy/ros2_ws/build/my_robot_bringup -- -j16 -l16
[2.175s] DEBUG:colcon.colcon_core.event_handler.log_command:Invoked command in '/home/wufy/ros2_ws/build/my_robot_bringup' returned '0': CMAKE_PREFIX_PATH=/home/wufy/ros2_ws/install/my_robot_description:/home/wufy/ros2_ws/install/myrobot_controller:/home/wufy/ros2_ws/install/my_robot_bringup:/opt/ros/humble /usr/bin/cmake --build /home/wufy/ros2_ws/build/my_robot_bringup -- -j16 -l16
[2.177s] DEBUG:colcon.colcon_core.event_handler.log_command:Invoking command in '/home/wufy/ros2_ws/build/my_robot_bringup': CMAKE_PREFIX_PATH=/home/wufy/ros2_ws/install/my_robot_description:/home/wufy/ros2_ws/install/myrobot_controller:/home/wufy/ros2_ws/install/my_robot_bringup:/opt/ros/humble /usr/bin/cmake --install /home/wufy/ros2_ws/build/my_robot_bringup
[2.358s] Level 1:colcon.colcon_core.environment:create_environment_scripts_only(my_robot_bringup)
[2.359s] Level 1:colcon.colcon_core.environment:checking '/home/wufy/ros2_ws/install/my_robot_bringup' for CMake module files
[2.359s] DEBUG:colcon.colcon_core.event_handler.log_command:Invoked command in '/home/wufy/ros2_ws/build/my_robot_bringup' returned '0': CMAKE_PREFIX_PATH=/home/wufy/ros2_ws/install/my_robot_description:/home/wufy/ros2_ws/install/myrobot_controller:/home/wufy/ros2_ws/install/my_robot_bringup:/opt/ros/humble /usr/bin/cmake --install /home/wufy/ros2_ws/build/my_robot_bringup
[2.360s] Level 1:colcon.colcon_core.environment:checking '/home/wufy/ros2_ws/install/my_robot_bringup' for CMake config files
[2.360s] Level 1:colcon.colcon_core.shell:create_environment_hook('my_robot_bringup', 'cmake_prefix_path')
[2.360s] INFO:colcon.colcon_core.shell:Creating environment hook '/home/wufy/ros2_ws/install/my_robot_bringup/share/my_robot_bringup/hook/cmake_prefix_path.ps1'
[2.360s] INFO:colcon.colcon_core.shell:Creating environment descriptor '/home/wufy/ros2_ws/install/my_robot_bringup/share/my_robot_bringup/hook/cmake_prefix_path.dsv'
[2.360s] INFO:colcon.colcon_core.shell:Creating environment hook '/home/wufy/ros2_ws/install/my_robot_bringup/share/my_robot_bringup/hook/cmake_prefix_path.sh'
[2.361s] Level 1:colcon.colcon_core.environment:checking '/home/wufy/ros2_ws/install/my_robot_bringup/bin'
[2.361s] Level 1:colcon.colcon_core.environment:checking '/home/wufy/ros2_ws/install/my_robot_bringup/lib/pkgconfig/my_robot_bringup.pc'
[2.361s] Level 1:colcon.colcon_core.environment:checking '/home/wufy/ros2_ws/install/my_robot_bringup/lib/python3.10/site-packages'
[2.361s] Level 1:colcon.colcon_core.environment:checking '/home/wufy/ros2_ws/install/my_robot_bringup/bin'
[2.361s] INFO:colcon.colcon_core.shell:Creating package script '/home/wufy/ros2_ws/install/my_robot_bringup/share/my_robot_bringup/package.ps1'
[2.362s] INFO:colcon.colcon_core.shell:Creating package descriptor '/home/wufy/ros2_ws/install/my_robot_bringup/share/my_robot_bringup/package.dsv'
[2.362s] INFO:colcon.colcon_core.shell:Creating package script '/home/wufy/ros2_ws/install/my_robot_bringup/share/my_robot_bringup/package.sh'
[2.362s] INFO:colcon.colcon_core.shell:Creating package script '/home/wufy/ros2_ws/install/my_robot_bringup/share/my_robot_bringup/package.bash'
[2.362s] INFO:colcon.colcon_core.shell:Creating package script '/home/wufy/ros2_ws/install/my_robot_bringup/share/my_robot_bringup/package.zsh'
[2.362s] Level 1:colcon.colcon_core.environment:create_file_with_runtime_dependencies(/home/wufy/ros2_ws/install/my_robot_bringup/share/colcon-core/packages/my_robot_bringup)
[2.363s] Level 1:colcon.colcon_core.environment:create_environment_scripts_only(my_robot_bringup)
[2.363s] Level 1:colcon.colcon_core.environment:checking '/home/wufy/ros2_ws/install/my_robot_bringup' for CMake module files
[2.363s] Level 1:colcon.colcon_core.environment:checking '/home/wufy/ros2_ws/install/my_robot_bringup' for CMake config files
[2.363s] Level 1:colcon.colcon_core.shell:create_environment_hook('my_robot_bringup', 'cmake_prefix_path')
[2.363s] INFO:colcon.colcon_core.shell:Creating environment hook '/home/wufy/ros2_ws/install/my_robot_bringup/share/my_robot_bringup/hook/cmake_prefix_path.ps1'
[2.364s] INFO:colcon.colcon_core.shell:Creating environment descriptor '/home/wufy/ros2_ws/install/my_robot_bringup/share/my_robot_bringup/hook/cmake_prefix_path.dsv'
[2.364s] INFO:colcon.colcon_core.shell:Creating environment hook '/home/wufy/ros2_ws/install/my_robot_bringup/share/my_robot_bringup/hook/cmake_prefix_path.sh'
[2.364s] Level 1:colcon.colcon_core.environment:checking '/home/wufy/ros2_ws/install/my_robot_bringup/bin'
[2.364s] Level 1:colcon.colcon_core.environment:checking '/home/wufy/ros2_ws/install/my_robot_bringup/lib/pkgconfig/my_robot_bringup.pc'
[2.364s] Level 1:colcon.colcon_core.environment:checking '/home/wufy/ros2_ws/install/my_robot_bringup/lib/python3.10/site-packages'
[2.364s] Level 1:colcon.colcon_core.environment:checking '/home/wufy/ros2_ws/install/my_robot_bringup/bin'
[2.364s] INFO:colcon.colcon_core.shell:Creating package script '/home/wufy/ros2_ws/install/my_robot_bringup/share/my_robot_bringup/package.ps1'
[2.365s] INFO:colcon.colcon_core.shell:Creating package descriptor '/home/wufy/ros2_ws/install/my_robot_bringup/share/my_robot_bringup/package.dsv'
[2.365s] INFO:colcon.colcon_core.shell:Creating package script '/home/wufy/ros2_ws/install/my_robot_bringup/share/my_robot_bringup/package.sh'
[2.365s] INFO:colcon.colcon_core.shell:Creating package script '/home/wufy/ros2_ws/install/my_robot_bringup/share/my_robot_bringup/package.bash'
[2.366s] INFO:colcon.colcon_core.shell:Creating package script '/home/wufy/ros2_ws/install/my_robot_bringup/share/my_robot_bringup/package.zsh'
[2.366s] Level 1:colcon.colcon_core.environment:create_file_with_runtime_dependencies(/home/wufy/ros2_ws/install/my_robot_bringup/share/colcon-core/packages/my_robot_bringup)
[8.746s] DEBUG:colcon.colcon_core.event_handler.log_command:Invoked command in '/home/wufy/ros2_ws/build/myrobot_controller' returned '0': CMAKE_PREFIX_PATH=${CMAKE_PREFIX_PATH}:/opt/ros/humble /usr/bin/cmake --build /home/wufy/ros2_ws/build/myrobot_controller -- -j16 -l16
[8.747s] DEBUG:colcon.colcon_core.event_handler.log_command:Invoking command in '/home/wufy/ros2_ws/build/myrobot_controller': CMAKE_PREFIX_PATH=${CMAKE_PREFIX_PATH}:/opt/ros/humble /usr/bin/cmake --install /home/wufy/ros2_ws/build/myrobot_controller
[9.102s] Level 1:colcon.colcon_core.environment:create_environment_scripts_only(myrobot_controller)
[9.103s] Level 1:colcon.colcon_core.environment:checking '/home/wufy/ros2_ws/install/myrobot_controller' for CMake module files
[9.103s] DEBUG:colcon.colcon_core.event_handler.log_command:Invoked command in '/home/wufy/ros2_ws/build/myrobot_controller' returned '0': CMAKE_PREFIX_PATH=${CMAKE_PREFIX_PATH}:/opt/ros/humble /usr/bin/cmake --install /home/wufy/ros2_ws/build/myrobot_controller
[9.104s] Level 1:colcon.colcon_core.environment:checking '/home/wufy/ros2_ws/install/myrobot_controller' for CMake config files
[9.104s] Level 1:colcon.colcon_core.shell:create_environment_hook('myrobot_controller', 'cmake_prefix_path')
[9.104s] INFO:colcon.colcon_core.shell:Creating environment hook '/home/wufy/ros2_ws/install/myrobot_controller/share/myrobot_controller/hook/cmake_prefix_path.ps1'
[9.104s] INFO:colcon.colcon_core.shell:Creating environment descriptor '/home/wufy/ros2_ws/install/myrobot_controller/share/myrobot_controller/hook/cmake_prefix_path.dsv'
[9.104s] INFO:colcon.colcon_core.shell:Creating environment hook '/home/wufy/ros2_ws/install/myrobot_controller/share/myrobot_controller/hook/cmake_prefix_path.sh'
[9.105s] Level 1:colcon.colcon_core.environment:checking '/home/wufy/ros2_ws/install/myrobot_controller/lib'
[9.105s] Level 1:colcon.colcon_core.environment:checking '/home/wufy/ros2_ws/install/myrobot_controller/bin'
[9.105s] Level 1:colcon.colcon_core.environment:checking '/home/wufy/ros2_ws/install/myrobot_controller/lib/pkgconfig/myrobot_controller.pc'
[9.106s] Level 1:colcon.colcon_core.environment:checking '/home/wufy/ros2_ws/install/myrobot_controller/lib/python3.10/site-packages'
[9.106s] Level 1:colcon.colcon_core.environment:checking '/home/wufy/ros2_ws/install/myrobot_controller/bin'
[9.106s] INFO:colcon.colcon_core.shell:Creating package script '/home/wufy/ros2_ws/install/myrobot_controller/share/myrobot_controller/package.ps1'
[9.107s] INFO:colcon.colcon_core.shell:Creating package descriptor '/home/wufy/ros2_ws/install/myrobot_controller/share/myrobot_controller/package.dsv'
[9.107s] INFO:colcon.colcon_core.shell:Creating package script '/home/wufy/ros2_ws/install/myrobot_controller/share/myrobot_controller/package.sh'
[9.107s] INFO:colcon.colcon_core.shell:Creating package script '/home/wufy/ros2_ws/install/myrobot_controller/share/myrobot_controller/package.bash'
[9.107s] INFO:colcon.colcon_core.shell:Creating package script '/home/wufy/ros2_ws/install/myrobot_controller/share/myrobot_controller/package.zsh'
[9.108s] Level 1:colcon.colcon_core.environment:create_file_with_runtime_dependencies(/home/wufy/ros2_ws/install/myrobot_controller/share/colcon-core/packages/myrobot_controller)
[9.108s] Level 1:colcon.colcon_core.environment:create_environment_scripts_only(myrobot_controller)
[9.109s] Level 1:colcon.colcon_core.environment:checking '/home/wufy/ros2_ws/install/myrobot_controller' for CMake module files
[9.109s] Level 1:colcon.colcon_core.environment:checking '/home/wufy/ros2_ws/install/myrobot_controller' for CMake config files
[9.109s] Level 1:colcon.colcon_core.shell:create_environment_hook('myrobot_controller', 'cmake_prefix_path')
[9.109s] INFO:colcon.colcon_core.shell:Creating environment hook '/home/wufy/ros2_ws/install/myrobot_controller/share/myrobot_controller/hook/cmake_prefix_path.ps1'
[9.110s] INFO:colcon.colcon_core.shell:Creating environment descriptor '/home/wufy/ros2_ws/install/myrobot_controller/share/myrobot_controller/hook/cmake_prefix_path.dsv'
[9.110s] INFO:colcon.colcon_core.shell:Creating environment hook '/home/wufy/ros2_ws/install/myrobot_controller/share/myrobot_controller/hook/cmake_prefix_path.sh'
[9.110s] Level 1:colcon.colcon_core.environment:checking '/home/wufy/ros2_ws/install/myrobot_controller/lib'
[9.111s] Level 1:colcon.colcon_core.environment:checking '/home/wufy/ros2_ws/install/myrobot_controller/bin'
[9.111s] Level 1:colcon.colcon_core.environment:checking '/home/wufy/ros2_ws/install/myrobot_controller/lib/pkgconfig/myrobot_controller.pc'
[9.111s] Level 1:colcon.colcon_core.environment:checking '/home/wufy/ros2_ws/install/myrobot_controller/lib/python3.10/site-packages'
[9.111s] Level 1:colcon.colcon_core.environment:checking '/home/wufy/ros2_ws/install/myrobot_controller/bin'
[9.111s] INFO:colcon.colcon_core.shell:Creating package script '/home/wufy/ros2_ws/install/myrobot_controller/share/myrobot_controller/package.ps1'
[9.111s] INFO:colcon.colcon_core.shell:Creating package descriptor '/home/wufy/ros2_ws/install/myrobot_controller/share/myrobot_controller/package.dsv'
[9.111s] INFO:colcon.colcon_core.shell:Creating package script '/home/wufy/ros2_ws/install/myrobot_controller/share/myrobot_controller/package.sh'
[9.112s] INFO:colcon.colcon_core.shell:Creating package script '/home/wufy/ros2_ws/install/myrobot_controller/share/myrobot_controller/package.bash'
[9.112s] INFO:colcon.colcon_core.shell:Creating package script '/home/wufy/ros2_ws/install/myrobot_controller/share/myrobot_controller/package.zsh'
[9.112s] Level 1:colcon.colcon_core.environment:create_file_with_runtime_dependencies(/home/wufy/ros2_ws/install/myrobot_controller/share/colcon-core/packages/myrobot_controller)
[9.112s] DEBUG:colcon.colcon_parallel_executor.executor.parallel:closing loop
[9.113s] DEBUG:colcon.colcon_parallel_executor.executor.parallel:loop closed
[9.113s] DEBUG:colcon.colcon_parallel_executor.executor.parallel:run_until_complete finished with '0'
[9.113s] DEBUG:colcon.colcon_core.event_reactor:joining thread
[9.116s] INFO:colcon.colcon_core.plugin_system:Skipping extension 'colcon_notification.desktop_notification.terminal_notifier': Not used on non-Darwin systems
[9.116s] INFO:colcon.colcon_core.plugin_system:Skipping extension 'colcon_notification.desktop_notification.win32': Not used on non-Windows systems
[9.116s] INFO:colcon.colcon_notification.desktop_notification:Sending desktop notification using 'notify2'
[9.127s] DEBUG:colcon.colcon_core.event_reactor:joined thread
[9.127s] INFO:colcon.colcon_core.shell:Creating prefix script '/home/wufy/ros2_ws/install/local_setup.ps1'
[9.128s] INFO:colcon.colcon_core.shell:Creating prefix util module '/home/wufy/ros2_ws/install/_local_setup_util_ps1.py'
[9.129s] INFO:colcon.colcon_core.shell:Creating prefix chain script '/home/wufy/ros2_ws/install/setup.ps1'
[9.129s] INFO:colcon.colcon_core.shell:Creating prefix script '/home/wufy/ros2_ws/install/local_setup.sh'
[9.130s] INFO:colcon.colcon_core.shell:Creating prefix util module '/home/wufy/ros2_ws/install/_local_setup_util_sh.py'
[9.130s] INFO:colcon.colcon_core.shell:Creating prefix chain script '/home/wufy/ros2_ws/install/setup.sh'
[9.131s] INFO:colcon.colcon_core.shell:Creating prefix script '/home/wufy/ros2_ws/install/local_setup.bash'
[9.131s] INFO:colcon.colcon_core.shell:Creating prefix chain script '/home/wufy/ros2_ws/install/setup.bash'
[9.131s] INFO:colcon.colcon_core.shell:Creating prefix script '/home/wufy/ros2_ws/install/local_setup.zsh'
[9.132s] INFO:colcon.colcon_core.shell:Creating prefix chain script '/home/wufy/ros2_ws/install/setup.zsh'
