[0.008s] Invoking command in '/home/wufy/ros2_ws/build/my_robot_bringup': CMAKE_PREFIX_PATH=/home/wufy/ros2_ws/install/my_robot_description:/home/wufy/ros2_ws/install/myrobot_controller:/home/wufy/ros2_ws/install/my_robot_bringup:/opt/ros/humble /usr/bin/cmake --build /home/wufy/ros2_ws/build/my_robot_bringup -- -j16 -l16
[0.044s] Invoked command in '/home/wufy/ros2_ws/build/my_robot_bringup' returned '0': CMAKE_PREFIX_PATH=/home/wufy/ros2_ws/install/my_robot_description:/home/wufy/ros2_ws/install/myrobot_controller:/home/wufy/ros2_ws/install/my_robot_bringup:/opt/ros/humble /usr/bin/cmake --build /home/wufy/ros2_ws/build/my_robot_bringup -- -j16 -l16
[0.046s] Invoking command in '/home/wufy/ros2_ws/build/my_robot_bringup': CMAKE_PREFIX_PATH=/home/wufy/ros2_ws/install/my_robot_description:/home/wufy/ros2_ws/install/myrobot_controller:/home/wufy/ros2_ws/install/my_robot_bringup:/opt/ros/humble /usr/bin/cmake --install /home/wufy/ros2_ws/build/my_robot_bringup
[0.051s] -- Install configuration: ""
[0.052s] -- Execute custom install script
[0.052s] -- Up-to-date symlink: /home/wufy/ros2_ws/install/my_robot_bringup/share/my_robot_bringup/launch/my_robot.launch.py
[0.052s] -- Up-to-date symlink: /home/wufy/ros2_ws/install/my_robot_bringup/share/my_robot_bringup/launch/my_robot_gazebo.launch.xml
[0.052s] -- Up-to-date symlink: /home/wufy/ros2_ws/install/my_robot_bringup/share/my_robot_bringup/launch/wheel_test.launch.py
[0.052s] -- Up-to-date symlink: /home/wufy/ros2_ws/install/my_robot_bringup/share/my_robot_bringup/rviz/urdf_config.rviz
[0.052s] -- Up-to-date symlink: /home/wufy/ros2_ws/install/my_robot_bringup/share/my_robot_bringup/src/robot_controller.py
[0.052s] -- Up-to-date symlink: /home/wufy/ros2_ws/install/my_robot_bringup/share/ament_index/resource_index/package_run_dependencies/my_robot_bringup
[0.052s] -- Up-to-date symlink: /home/wufy/ros2_ws/install/my_robot_bringup/share/ament_index/resource_index/parent_prefix_path/my_robot_bringup
[0.053s] -- Up-to-date symlink: /home/wufy/ros2_ws/install/my_robot_bringup/share/my_robot_bringup/environment/ament_prefix_path.sh
[0.053s] -- Up-to-date symlink: /home/wufy/ros2_ws/install/my_robot_bringup/share/my_robot_bringup/environment/ament_prefix_path.dsv
[0.053s] -- Up-to-date symlink: /home/wufy/ros2_ws/install/my_robot_bringup/share/my_robot_bringup/environment/path.sh
[0.053s] -- Up-to-date symlink: /home/wufy/ros2_ws/install/my_robot_bringup/share/my_robot_bringup/environment/path.dsv
[0.053s] -- Up-to-date symlink: /home/wufy/ros2_ws/install/my_robot_bringup/share/my_robot_bringup/local_setup.bash
[0.053s] -- Up-to-date symlink: /home/wufy/ros2_ws/install/my_robot_bringup/share/my_robot_bringup/local_setup.sh
[0.053s] -- Up-to-date symlink: /home/wufy/ros2_ws/install/my_robot_bringup/share/my_robot_bringup/local_setup.zsh
[0.053s] -- Up-to-date symlink: /home/wufy/ros2_ws/install/my_robot_bringup/share/my_robot_bringup/local_setup.dsv
[0.053s] -- Symlinking: /home/wufy/ros2_ws/install/my_robot_bringup/share/my_robot_bringup/package.dsv
[0.060s] -- Up-to-date symlink: /home/wufy/ros2_ws/install/my_robot_bringup/share/ament_index/resource_index/packages/my_robot_bringup
[0.060s] -- Up-to-date symlink: /home/wufy/ros2_ws/install/my_robot_bringup/share/my_robot_bringup/cmake/my_robot_bringupConfig.cmake
[0.061s] -- Up-to-date symlink: /home/wufy/ros2_ws/install/my_robot_bringup/share/my_robot_bringup/cmake/my_robot_bringupConfig-version.cmake
[0.061s] -- Up-to-date symlink: /home/wufy/ros2_ws/install/my_robot_bringup/share/my_robot_bringup/package.xml
[0.062s] Invoked command in '/home/wufy/ros2_ws/build/my_robot_bringup' returned '0': CMAKE_PREFIX_PATH=/home/wufy/ros2_ws/install/my_robot_description:/home/wufy/ros2_ws/install/myrobot_controller:/home/wufy/ros2_ws/install/my_robot_bringup:/opt/ros/humble /usr/bin/cmake --install /home/wufy/ros2_ws/build/my_robot_bringup
