[0.059s] DEBUG:colcon:Command line arguments: ['/usr/bin/colcon', 'build', '--symlink-install']
[0.059s] DEBUG:colcon:Parsed command line arguments: Namespace(log_base=None, log_level=None, verb_name='build', build_base='build', install_base='install', merge_install=False, symlink_install=True, test_result_base=None, continue_on_error=False, executor='parallel', parallel_workers=16, event_handlers=None, ignore_user_meta=False, metas=['./colcon.meta'], base_paths=['.'], packages_ignore=None, packages_ignore_regex=None, paths=None, packages_up_to=None, packages_up_to_regex=None, packages_above=None, packages_above_and_dependencies=None, packages_above_depth=None, packages_select_by_dep=None, packages_skip_by_dep=None, packages_skip_up_to=None, packages_select_build_failed=False, packages_skip_build_finished=False, packages_select_test_failures=False, packages_skip_test_passed=False, packages_select=None, packages_skip=None, packages_select_regex=None, packages_skip_regex=None, packages_start=None, packages_end=None, allow_overriding=[], cmake_args=None, cmake_target=None, cmake_target_skip_unavailable=False, cmake_clean_cache=False, cmake_clean_first=False, cmake_force_configure=False, ament_cmake_args=None, catkin_cmake_args=None, catkin_skip_building_tests=False, verb_parser=<colcon_defaults.argument_parser.defaults.DefaultArgumentsDecorator object at 0x7c6d0ae81c00>, verb_extension=<colcon_core.verb.build.BuildVerb object at 0x7c6d0af87640>, main=<bound method BuildVerb.main of <colcon_core.verb.build.BuildVerb object at 0x7c6d0af87640>>)
[0.162s] Level 1:colcon.colcon_core.package_discovery:discover_packages(colcon_meta) check parameters
[0.162s] Level 1:colcon.colcon_core.package_discovery:discover_packages(recursive) check parameters
[0.162s] Level 1:colcon.colcon_core.package_discovery:discover_packages(ignore) check parameters
[0.162s] Level 1:colcon.colcon_core.package_discovery:discover_packages(path) check parameters
[0.162s] Level 1:colcon.colcon_core.package_discovery:discover_packages(colcon_meta) discover
[0.162s] Level 1:colcon.colcon_core.package_discovery:discover_packages(recursive) discover
[0.162s] INFO:colcon.colcon_core.package_discovery:Crawling recursively for packages in '/home/wufy/ros2_ws'
[0.162s] Level 1:colcon.colcon_core.package_identification:_identify(.) by extensions ['ignore', 'ignore_ament_install']
[0.162s] Level 1:colcon.colcon_core.package_identification:_identify(.) by extension 'ignore'
[0.162s] Level 1:colcon.colcon_core.package_identification:_identify(.) by extension 'ignore_ament_install'
[0.162s] Level 1:colcon.colcon_core.package_identification:_identify(.) by extensions ['colcon_pkg']
[0.162s] Level 1:colcon.colcon_core.package_identification:_identify(.) by extension 'colcon_pkg'
[0.162s] Level 1:colcon.colcon_core.package_identification:_identify(.) by extensions ['colcon_meta']
[0.162s] Level 1:colcon.colcon_core.package_identification:_identify(.) by extension 'colcon_meta'
[0.162s] Level 1:colcon.colcon_core.package_identification:_identify(.) by extensions ['ros']
[0.162s] Level 1:colcon.colcon_core.package_identification:_identify(.) by extension 'ros'
[0.175s] Level 1:colcon.colcon_core.package_identification:_identify(.) by extensions ['cmake', 'python']
[0.175s] Level 1:colcon.colcon_core.package_identification:_identify(.) by extension 'cmake'
[0.175s] Level 1:colcon.colcon_core.package_identification:_identify(.) by extension 'python'
[0.175s] Level 1:colcon.colcon_core.package_identification:_identify(.) by extensions ['python_setup_py']
[0.175s] Level 1:colcon.colcon_core.package_identification:_identify(.) by extension 'python_setup_py'
[0.175s] Level 1:colcon.colcon_core.package_identification:_identify(build) by extensions ['ignore', 'ignore_ament_install']
[0.175s] Level 1:colcon.colcon_core.package_identification:_identify(build) by extension 'ignore'
[0.175s] Level 1:colcon.colcon_core.package_identification:_identify(build) ignored
[0.175s] Level 1:colcon.colcon_core.package_identification:_identify(install) by extensions ['ignore', 'ignore_ament_install']
[0.175s] Level 1:colcon.colcon_core.package_identification:_identify(install) by extension 'ignore'
[0.175s] Level 1:colcon.colcon_core.package_identification:_identify(install) ignored
[0.175s] Level 1:colcon.colcon_core.package_identification:_identify(log) by extensions ['ignore', 'ignore_ament_install']
[0.176s] Level 1:colcon.colcon_core.package_identification:_identify(log) by extension 'ignore'
[0.176s] Level 1:colcon.colcon_core.package_identification:_identify(log) ignored
[0.176s] Level 1:colcon.colcon_core.package_identification:_identify(src) by extensions ['ignore', 'ignore_ament_install']
[0.176s] Level 1:colcon.colcon_core.package_identification:_identify(src) by extension 'ignore'
[0.176s] Level 1:colcon.colcon_core.package_identification:_identify(src) by extension 'ignore_ament_install'
[0.176s] Level 1:colcon.colcon_core.package_identification:_identify(src) by extensions ['colcon_pkg']
[0.176s] Level 1:colcon.colcon_core.package_identification:_identify(src) by extension 'colcon_pkg'
[0.176s] Level 1:colcon.colcon_core.package_identification:_identify(src) by extensions ['colcon_meta']
[0.176s] Level 1:colcon.colcon_core.package_identification:_identify(src) by extension 'colcon_meta'
[0.176s] Level 1:colcon.colcon_core.package_identification:_identify(src) by extensions ['ros']
[0.176s] Level 1:colcon.colcon_core.package_identification:_identify(src) by extension 'ros'
[0.176s] Level 1:colcon.colcon_core.package_identification:_identify(src) by extensions ['cmake', 'python']
[0.176s] Level 1:colcon.colcon_core.package_identification:_identify(src) by extension 'cmake'
[0.176s] Level 1:colcon.colcon_core.package_identification:_identify(src) by extension 'python'
[0.176s] Level 1:colcon.colcon_core.package_identification:_identify(src) by extensions ['python_setup_py']
[0.176s] Level 1:colcon.colcon_core.package_identification:_identify(src) by extension 'python_setup_py'
[0.176s] Level 1:colcon.colcon_core.package_identification:_identify(src/my_robot_bringup) by extensions ['ignore', 'ignore_ament_install']
[0.176s] Level 1:colcon.colcon_core.package_identification:_identify(src/my_robot_bringup) by extension 'ignore'
[0.176s] Level 1:colcon.colcon_core.package_identification:_identify(src/my_robot_bringup) by extension 'ignore_ament_install'
[0.176s] Level 1:colcon.colcon_core.package_identification:_identify(src/my_robot_bringup) by extensions ['colcon_pkg']
[0.176s] Level 1:colcon.colcon_core.package_identification:_identify(src/my_robot_bringup) by extension 'colcon_pkg'
[0.176s] Level 1:colcon.colcon_core.package_identification:_identify(src/my_robot_bringup) by extensions ['colcon_meta']
[0.176s] Level 1:colcon.colcon_core.package_identification:_identify(src/my_robot_bringup) by extension 'colcon_meta'
[0.176s] Level 1:colcon.colcon_core.package_identification:_identify(src/my_robot_bringup) by extensions ['ros']
[0.176s] Level 1:colcon.colcon_core.package_identification:_identify(src/my_robot_bringup) by extension 'ros'
[0.177s] DEBUG:colcon.colcon_core.package_identification:Package 'src/my_robot_bringup' with type 'ros.ament_cmake' and name 'my_robot_bringup'
[0.178s] Level 1:colcon.colcon_core.package_identification:_identify(src/my_robot_description) by extensions ['ignore', 'ignore_ament_install']
[0.178s] Level 1:colcon.colcon_core.package_identification:_identify(src/my_robot_description) by extension 'ignore'
[0.178s] Level 1:colcon.colcon_core.package_identification:_identify(src/my_robot_description) by extension 'ignore_ament_install'
[0.178s] Level 1:colcon.colcon_core.package_identification:_identify(src/my_robot_description) by extensions ['colcon_pkg']
[0.178s] Level 1:colcon.colcon_core.package_identification:_identify(src/my_robot_description) by extension 'colcon_pkg'
[0.178s] Level 1:colcon.colcon_core.package_identification:_identify(src/my_robot_description) by extensions ['colcon_meta']
[0.178s] Level 1:colcon.colcon_core.package_identification:_identify(src/my_robot_description) by extension 'colcon_meta'
[0.178s] Level 1:colcon.colcon_core.package_identification:_identify(src/my_robot_description) by extensions ['ros']
[0.178s] Level 1:colcon.colcon_core.package_identification:_identify(src/my_robot_description) by extension 'ros'
[0.178s] DEBUG:colcon.colcon_core.package_identification:Package 'src/my_robot_description' with type 'ros.ament_cmake' and name 'my_robot_description'
[0.178s] Level 1:colcon.colcon_core.package_identification:_identify(src/myrobot_controller) by extensions ['ignore', 'ignore_ament_install']
[0.178s] Level 1:colcon.colcon_core.package_identification:_identify(src/myrobot_controller) by extension 'ignore'
[0.178s] Level 1:colcon.colcon_core.package_identification:_identify(src/myrobot_controller) by extension 'ignore_ament_install'
[0.178s] Level 1:colcon.colcon_core.package_identification:_identify(src/myrobot_controller) by extensions ['colcon_pkg']
[0.178s] Level 1:colcon.colcon_core.package_identification:_identify(src/myrobot_controller) by extension 'colcon_pkg'
[0.178s] Level 1:colcon.colcon_core.package_identification:_identify(src/myrobot_controller) by extensions ['colcon_meta']
[0.178s] Level 1:colcon.colcon_core.package_identification:_identify(src/myrobot_controller) by extension 'colcon_meta'
[0.178s] Level 1:colcon.colcon_core.package_identification:_identify(src/myrobot_controller) by extensions ['ros']
[0.178s] Level 1:colcon.colcon_core.package_identification:_identify(src/myrobot_controller) by extension 'ros'
[0.179s] DEBUG:colcon.colcon_core.package_identification:Package 'src/myrobot_controller' with type 'ros.ament_cmake' and name 'myrobot_controller'
[0.179s] Level 1:colcon.colcon_core.package_discovery:discover_packages(recursive) using defaults
[0.179s] Level 1:colcon.colcon_core.package_discovery:discover_packages(ignore) discover
[0.179s] Level 1:colcon.colcon_core.package_discovery:discover_packages(ignore) using defaults
[0.179s] Level 1:colcon.colcon_core.package_discovery:discover_packages(path) discover
[0.179s] Level 1:colcon.colcon_core.package_discovery:discover_packages(path) using defaults
[0.192s] Level 1:colcon.colcon_core.package_discovery:discover_packages(prefix_path) check parameters
[0.192s] Level 1:colcon.colcon_core.package_discovery:discover_packages(prefix_path) discover
[0.193s] DEBUG:colcon.colcon_installed_package_information.package_discovery:Found 3 installed packages in /home/wufy/ros2_ws/install
[0.195s] DEBUG:colcon.colcon_installed_package_information.package_discovery:Found 374 installed packages in /opt/ros/humble
[0.196s] Level 1:colcon.colcon_core.package_discovery:discover_packages(prefix_path) using defaults
[0.220s] Level 5:colcon.colcon_core.verb:set package 'my_robot_description' build argument 'cmake_args' from command line to 'None'
[0.220s] Level 5:colcon.colcon_core.verb:set package 'my_robot_description' build argument 'cmake_target' from command line to 'None'
[0.220s] Level 5:colcon.colcon_core.verb:set package 'my_robot_description' build argument 'cmake_target_skip_unavailable' from command line to 'False'
[0.220s] Level 5:colcon.colcon_core.verb:set package 'my_robot_description' build argument 'cmake_clean_cache' from command line to 'False'
[0.220s] Level 5:colcon.colcon_core.verb:set package 'my_robot_description' build argument 'cmake_clean_first' from command line to 'False'
[0.220s] Level 5:colcon.colcon_core.verb:set package 'my_robot_description' build argument 'cmake_force_configure' from command line to 'False'
[0.220s] Level 5:colcon.colcon_core.verb:set package 'my_robot_description' build argument 'ament_cmake_args' from command line to 'None'
[0.220s] Level 5:colcon.colcon_core.verb:set package 'my_robot_description' build argument 'catkin_cmake_args' from command line to 'None'
[0.220s] Level 5:colcon.colcon_core.verb:set package 'my_robot_description' build argument 'catkin_skip_building_tests' from command line to 'False'
[0.220s] DEBUG:colcon.colcon_core.verb:Building package 'my_robot_description' with the following arguments: {'ament_cmake_args': None, 'build_base': '/home/wufy/ros2_ws/build/my_robot_description', 'catkin_cmake_args': None, 'catkin_skip_building_tests': False, 'cmake_args': None, 'cmake_clean_cache': False, 'cmake_clean_first': False, 'cmake_force_configure': False, 'cmake_target': None, 'cmake_target_skip_unavailable': False, 'install_base': '/home/wufy/ros2_ws/install/my_robot_description', 'merge_install': False, 'path': '/home/wufy/ros2_ws/src/my_robot_description', 'symlink_install': True, 'test_result_base': None}
[0.221s] Level 5:colcon.colcon_core.verb:set package 'myrobot_controller' build argument 'cmake_args' from command line to 'None'
[0.221s] Level 5:colcon.colcon_core.verb:set package 'myrobot_controller' build argument 'cmake_target' from command line to 'None'
[0.221s] Level 5:colcon.colcon_core.verb:set package 'myrobot_controller' build argument 'cmake_target_skip_unavailable' from command line to 'False'
[0.221s] Level 5:colcon.colcon_core.verb:set package 'myrobot_controller' build argument 'cmake_clean_cache' from command line to 'False'
[0.221s] Level 5:colcon.colcon_core.verb:set package 'myrobot_controller' build argument 'cmake_clean_first' from command line to 'False'
[0.221s] Level 5:colcon.colcon_core.verb:set package 'myrobot_controller' build argument 'cmake_force_configure' from command line to 'False'
[0.221s] Level 5:colcon.colcon_core.verb:set package 'myrobot_controller' build argument 'ament_cmake_args' from command line to 'None'
[0.221s] Level 5:colcon.colcon_core.verb:set package 'myrobot_controller' build argument 'catkin_cmake_args' from command line to 'None'
[0.221s] Level 5:colcon.colcon_core.verb:set package 'myrobot_controller' build argument 'catkin_skip_building_tests' from command line to 'False'
[0.221s] DEBUG:colcon.colcon_core.verb:Building package 'myrobot_controller' with the following arguments: {'ament_cmake_args': None, 'build_base': '/home/wufy/ros2_ws/build/myrobot_controller', 'catkin_cmake_args': None, 'catkin_skip_building_tests': False, 'cmake_args': None, 'cmake_clean_cache': False, 'cmake_clean_first': False, 'cmake_force_configure': False, 'cmake_target': None, 'cmake_target_skip_unavailable': False, 'install_base': '/home/wufy/ros2_ws/install/myrobot_controller', 'merge_install': False, 'path': '/home/wufy/ros2_ws/src/myrobot_controller', 'symlink_install': True, 'test_result_base': None}
[0.221s] Level 5:colcon.colcon_core.verb:set package 'my_robot_bringup' build argument 'cmake_args' from command line to 'None'
[0.221s] Level 5:colcon.colcon_core.verb:set package 'my_robot_bringup' build argument 'cmake_target' from command line to 'None'
[0.221s] Level 5:colcon.colcon_core.verb:set package 'my_robot_bringup' build argument 'cmake_target_skip_unavailable' from command line to 'False'
[0.221s] Level 5:colcon.colcon_core.verb:set package 'my_robot_bringup' build argument 'cmake_clean_cache' from command line to 'False'
[0.221s] Level 5:colcon.colcon_core.verb:set package 'my_robot_bringup' build argument 'cmake_clean_first' from command line to 'False'
[0.221s] Level 5:colcon.colcon_core.verb:set package 'my_robot_bringup' build argument 'cmake_force_configure' from command line to 'False'
[0.221s] Level 5:colcon.colcon_core.verb:set package 'my_robot_bringup' build argument 'ament_cmake_args' from command line to 'None'
[0.221s] Level 5:colcon.colcon_core.verb:set package 'my_robot_bringup' build argument 'catkin_cmake_args' from command line to 'None'
[0.221s] Level 5:colcon.colcon_core.verb:set package 'my_robot_bringup' build argument 'catkin_skip_building_tests' from command line to 'False'
[0.221s] DEBUG:colcon.colcon_core.verb:Building package 'my_robot_bringup' with the following arguments: {'ament_cmake_args': None, 'build_base': '/home/wufy/ros2_ws/build/my_robot_bringup', 'catkin_cmake_args': None, 'catkin_skip_building_tests': False, 'cmake_args': None, 'cmake_clean_cache': False, 'cmake_clean_first': False, 'cmake_force_configure': False, 'cmake_target': None, 'cmake_target_skip_unavailable': False, 'install_base': '/home/wufy/ros2_ws/install/my_robot_bringup', 'merge_install': False, 'path': '/home/wufy/ros2_ws/src/my_robot_bringup', 'symlink_install': True, 'test_result_base': None}
[0.221s] INFO:colcon.colcon_core.executor:Executing jobs using 'parallel' executor
[0.222s] DEBUG:colcon.colcon_parallel_executor.executor.parallel:run_until_complete
[0.222s] INFO:colcon.colcon_ros.task.ament_cmake.build:Building ROS package in '/home/wufy/ros2_ws/src/my_robot_description' with build type 'ament_cmake'
[0.222s] INFO:colcon.colcon_cmake.task.cmake.build:Building CMake package in '/home/wufy/ros2_ws/src/my_robot_description'
[0.223s] INFO:colcon.colcon_core.plugin_system:Skipping extension 'colcon_core.shell.bat': Not used on non-Windows systems
[0.223s] INFO:colcon.colcon_core.shell:Skip shell extension 'powershell' for command environment: Not usable outside of PowerShell
[0.223s] DEBUG:colcon.colcon_core.shell:Skip shell extension 'dsv' for command environment
[0.226s] INFO:colcon.colcon_ros.task.ament_cmake.build:Building ROS package in '/home/wufy/ros2_ws/src/myrobot_controller' with build type 'ament_cmake'
[0.226s] INFO:colcon.colcon_cmake.task.cmake.build:Building CMake package in '/home/wufy/ros2_ws/src/myrobot_controller'
[0.226s] INFO:colcon.colcon_core.shell:Skip shell extension 'powershell' for command environment: Not usable outside of PowerShell
[0.227s] DEBUG:colcon.colcon_core.shell:Skip shell extension 'dsv' for command environment
[0.235s] DEBUG:colcon.colcon_core.event_handler.log_command:Invoking command in '/home/wufy/ros2_ws/build/my_robot_description': CMAKE_PREFIX_PATH=${CMAKE_PREFIX_PATH}:/opt/ros/humble /usr/bin/cmake --build /home/wufy/ros2_ws/build/my_robot_description -- -j16 -l16
[0.238s] DEBUG:colcon.colcon_core.event_handler.log_command:Invoking command in '/home/wufy/ros2_ws/build/myrobot_controller': CMAKE_PREFIX_PATH=${CMAKE_PREFIX_PATH}:/opt/ros/humble /usr/bin/cmake --build /home/wufy/ros2_ws/build/myrobot_controller -- -j16 -l16
[0.264s] DEBUG:colcon.colcon_core.event_handler.log_command:Invoked command in '/home/wufy/ros2_ws/build/my_robot_description' returned '0': CMAKE_PREFIX_PATH=${CMAKE_PREFIX_PATH}:/opt/ros/humble /usr/bin/cmake --build /home/wufy/ros2_ws/build/my_robot_description -- -j16 -l16
[0.271s] DEBUG:colcon.colcon_core.event_handler.log_command:Invoking command in '/home/wufy/ros2_ws/build/my_robot_description': CMAKE_PREFIX_PATH=${CMAKE_PREFIX_PATH}:/opt/ros/humble /usr/bin/cmake --install /home/wufy/ros2_ws/build/my_robot_description
[0.293s] Level 1:colcon.colcon_core.environment:create_environment_scripts_only(my_robot_description)
[0.294s] DEBUG:colcon.colcon_core.event_handler.log_command:Invoked command in '/home/wufy/ros2_ws/build/my_robot_description' returned '0': CMAKE_PREFIX_PATH=${CMAKE_PREFIX_PATH}:/opt/ros/humble /usr/bin/cmake --install /home/wufy/ros2_ws/build/my_robot_description
[0.295s] Level 1:colcon.colcon_core.environment:checking '/home/wufy/ros2_ws/install/my_robot_description' for CMake module files
[0.296s] Level 1:colcon.colcon_core.environment:checking '/home/wufy/ros2_ws/install/my_robot_description' for CMake config files
[0.296s] Level 1:colcon.colcon_core.shell:create_environment_hook('my_robot_description', 'cmake_prefix_path')
[0.296s] INFO:colcon.colcon_core.shell:Creating environment hook '/home/wufy/ros2_ws/install/my_robot_description/share/my_robot_description/hook/cmake_prefix_path.ps1'
[0.297s] INFO:colcon.colcon_core.shell:Creating environment descriptor '/home/wufy/ros2_ws/install/my_robot_description/share/my_robot_description/hook/cmake_prefix_path.dsv'
[0.297s] INFO:colcon.colcon_core.shell:Creating environment hook '/home/wufy/ros2_ws/install/my_robot_description/share/my_robot_description/hook/cmake_prefix_path.sh'
[0.298s] Level 1:colcon.colcon_core.environment:checking '/home/wufy/ros2_ws/install/my_robot_description/bin'
[0.298s] Level 1:colcon.colcon_core.environment:checking '/home/wufy/ros2_ws/install/my_robot_description/lib/pkgconfig/my_robot_description.pc'
[0.298s] Level 1:colcon.colcon_core.environment:checking '/home/wufy/ros2_ws/install/my_robot_description/lib/python3.10/site-packages'
[0.298s] Level 1:colcon.colcon_core.environment:checking '/home/wufy/ros2_ws/install/my_robot_description/bin'
[0.298s] INFO:colcon.colcon_core.shell:Creating package script '/home/wufy/ros2_ws/install/my_robot_description/share/my_robot_description/package.ps1'
[0.299s] INFO:colcon.colcon_core.shell:Creating package descriptor '/home/wufy/ros2_ws/install/my_robot_description/share/my_robot_description/package.dsv'
[0.299s] INFO:colcon.colcon_core.shell:Creating package script '/home/wufy/ros2_ws/install/my_robot_description/share/my_robot_description/package.sh'
[0.300s] INFO:colcon.colcon_core.shell:Creating package script '/home/wufy/ros2_ws/install/my_robot_description/share/my_robot_description/package.bash'
[0.300s] INFO:colcon.colcon_core.shell:Creating package script '/home/wufy/ros2_ws/install/my_robot_description/share/my_robot_description/package.zsh'
[0.300s] Level 1:colcon.colcon_core.environment:create_file_with_runtime_dependencies(/home/wufy/ros2_ws/install/my_robot_description/share/colcon-core/packages/my_robot_description)
[0.301s] Level 1:colcon.colcon_core.environment:create_environment_scripts_only(my_robot_description)
[0.301s] Level 1:colcon.colcon_core.environment:checking '/home/wufy/ros2_ws/install/my_robot_description' for CMake module files
[0.301s] Level 1:colcon.colcon_core.environment:checking '/home/wufy/ros2_ws/install/my_robot_description' for CMake config files
[0.302s] Level 1:colcon.colcon_core.shell:create_environment_hook('my_robot_description', 'cmake_prefix_path')
[0.302s] INFO:colcon.colcon_core.shell:Creating environment hook '/home/wufy/ros2_ws/install/my_robot_description/share/my_robot_description/hook/cmake_prefix_path.ps1'
[0.302s] INFO:colcon.colcon_core.shell:Creating environment descriptor '/home/wufy/ros2_ws/install/my_robot_description/share/my_robot_description/hook/cmake_prefix_path.dsv'
[0.302s] INFO:colcon.colcon_core.shell:Creating environment hook '/home/wufy/ros2_ws/install/my_robot_description/share/my_robot_description/hook/cmake_prefix_path.sh'
[0.303s] Level 1:colcon.colcon_core.environment:checking '/home/wufy/ros2_ws/install/my_robot_description/bin'
[0.303s] Level 1:colcon.colcon_core.environment:checking '/home/wufy/ros2_ws/install/my_robot_description/lib/pkgconfig/my_robot_description.pc'
[0.303s] Level 1:colcon.colcon_core.environment:checking '/home/wufy/ros2_ws/install/my_robot_description/lib/python3.10/site-packages'
[0.303s] Level 1:colcon.colcon_core.environment:checking '/home/wufy/ros2_ws/install/my_robot_description/bin'
[0.303s] INFO:colcon.colcon_core.shell:Creating package script '/home/wufy/ros2_ws/install/my_robot_description/share/my_robot_description/package.ps1'
[0.303s] INFO:colcon.colcon_core.shell:Creating package descriptor '/home/wufy/ros2_ws/install/my_robot_description/share/my_robot_description/package.dsv'
[0.304s] INFO:colcon.colcon_core.shell:Creating package script '/home/wufy/ros2_ws/install/my_robot_description/share/my_robot_description/package.sh'
[0.304s] INFO:colcon.colcon_core.shell:Creating package script '/home/wufy/ros2_ws/install/my_robot_description/share/my_robot_description/package.bash'
[0.304s] INFO:colcon.colcon_core.shell:Creating package script '/home/wufy/ros2_ws/install/my_robot_description/share/my_robot_description/package.zsh'
[0.304s] Level 1:colcon.colcon_core.environment:create_file_with_runtime_dependencies(/home/wufy/ros2_ws/install/my_robot_description/share/colcon-core/packages/my_robot_description)
[0.304s] INFO:colcon.colcon_ros.task.ament_cmake.build:Building ROS package in '/home/wufy/ros2_ws/src/my_robot_bringup' with build type 'ament_cmake'
[0.304s] INFO:colcon.colcon_cmake.task.cmake.build:Building CMake package in '/home/wufy/ros2_ws/src/my_robot_bringup'
[0.305s] INFO:colcon.colcon_core.shell:Skip shell extension 'powershell' for command environment: Not usable outside of PowerShell
[0.305s] DEBUG:colcon.colcon_core.shell:Skip shell extension 'dsv' for command environment
[0.313s] DEBUG:colcon.colcon_core.event_handler.log_command:Invoking command in '/home/wufy/ros2_ws/build/my_robot_bringup': CMAKE_PREFIX_PATH=/home/wufy/ros2_ws/install/my_robot_description:/home/wufy/ros2_ws/install/myrobot_controller:/home/wufy/ros2_ws/install/my_robot_bringup:/opt/ros/humble /usr/bin/cmake --build /home/wufy/ros2_ws/build/my_robot_bringup -- -j16 -l16
[0.349s] DEBUG:colcon.colcon_core.event_handler.log_command:Invoked command in '/home/wufy/ros2_ws/build/my_robot_bringup' returned '0': CMAKE_PREFIX_PATH=/home/wufy/ros2_ws/install/my_robot_description:/home/wufy/ros2_ws/install/myrobot_controller:/home/wufy/ros2_ws/install/my_robot_bringup:/opt/ros/humble /usr/bin/cmake --build /home/wufy/ros2_ws/build/my_robot_bringup -- -j16 -l16
[0.351s] DEBUG:colcon.colcon_core.event_handler.log_command:Invoking command in '/home/wufy/ros2_ws/build/my_robot_bringup': CMAKE_PREFIX_PATH=/home/wufy/ros2_ws/install/my_robot_description:/home/wufy/ros2_ws/install/myrobot_controller:/home/wufy/ros2_ws/install/my_robot_bringup:/opt/ros/humble /usr/bin/cmake --install /home/wufy/ros2_ws/build/my_robot_bringup
[0.367s] Level 1:colcon.colcon_core.environment:create_environment_scripts_only(my_robot_bringup)
[0.367s] Level 1:colcon.colcon_core.environment:checking '/home/wufy/ros2_ws/install/my_robot_bringup' for CMake module files
[0.368s] DEBUG:colcon.colcon_core.event_handler.log_command:Invoked command in '/home/wufy/ros2_ws/build/my_robot_bringup' returned '0': CMAKE_PREFIX_PATH=/home/wufy/ros2_ws/install/my_robot_description:/home/wufy/ros2_ws/install/myrobot_controller:/home/wufy/ros2_ws/install/my_robot_bringup:/opt/ros/humble /usr/bin/cmake --install /home/wufy/ros2_ws/build/my_robot_bringup
[0.368s] Level 1:colcon.colcon_core.environment:checking '/home/wufy/ros2_ws/install/my_robot_bringup' for CMake config files
[0.368s] Level 1:colcon.colcon_core.shell:create_environment_hook('my_robot_bringup', 'cmake_prefix_path')
[0.368s] INFO:colcon.colcon_core.shell:Creating environment hook '/home/wufy/ros2_ws/install/my_robot_bringup/share/my_robot_bringup/hook/cmake_prefix_path.ps1'
[0.368s] INFO:colcon.colcon_core.shell:Creating environment descriptor '/home/wufy/ros2_ws/install/my_robot_bringup/share/my_robot_bringup/hook/cmake_prefix_path.dsv'
[0.369s] INFO:colcon.colcon_core.shell:Creating environment hook '/home/wufy/ros2_ws/install/my_robot_bringup/share/my_robot_bringup/hook/cmake_prefix_path.sh'
[0.369s] Level 1:colcon.colcon_core.environment:checking '/home/wufy/ros2_ws/install/my_robot_bringup/bin'
[0.369s] Level 1:colcon.colcon_core.environment:checking '/home/wufy/ros2_ws/install/my_robot_bringup/lib/pkgconfig/my_robot_bringup.pc'
[0.369s] Level 1:colcon.colcon_core.environment:checking '/home/wufy/ros2_ws/install/my_robot_bringup/lib/python3.10/site-packages'
[0.369s] Level 1:colcon.colcon_core.environment:checking '/home/wufy/ros2_ws/install/my_robot_bringup/bin'
[0.369s] INFO:colcon.colcon_core.shell:Creating package script '/home/wufy/ros2_ws/install/my_robot_bringup/share/my_robot_bringup/package.ps1'
[0.370s] INFO:colcon.colcon_core.shell:Creating package descriptor '/home/wufy/ros2_ws/install/my_robot_bringup/share/my_robot_bringup/package.dsv'
[0.370s] INFO:colcon.colcon_core.shell:Creating package script '/home/wufy/ros2_ws/install/my_robot_bringup/share/my_robot_bringup/package.sh'
[0.370s] INFO:colcon.colcon_core.shell:Creating package script '/home/wufy/ros2_ws/install/my_robot_bringup/share/my_robot_bringup/package.bash'
[0.370s] INFO:colcon.colcon_core.shell:Creating package script '/home/wufy/ros2_ws/install/my_robot_bringup/share/my_robot_bringup/package.zsh'
[0.370s] Level 1:colcon.colcon_core.environment:create_file_with_runtime_dependencies(/home/wufy/ros2_ws/install/my_robot_bringup/share/colcon-core/packages/my_robot_bringup)
[0.371s] Level 1:colcon.colcon_core.environment:create_environment_scripts_only(my_robot_bringup)
[0.371s] Level 1:colcon.colcon_core.environment:checking '/home/wufy/ros2_ws/install/my_robot_bringup' for CMake module files
[0.371s] Level 1:colcon.colcon_core.environment:checking '/home/wufy/ros2_ws/install/my_robot_bringup' for CMake config files
[0.371s] Level 1:colcon.colcon_core.shell:create_environment_hook('my_robot_bringup', 'cmake_prefix_path')
[0.371s] INFO:colcon.colcon_core.shell:Creating environment hook '/home/wufy/ros2_ws/install/my_robot_bringup/share/my_robot_bringup/hook/cmake_prefix_path.ps1'
[0.371s] INFO:colcon.colcon_core.shell:Creating environment descriptor '/home/wufy/ros2_ws/install/my_robot_bringup/share/my_robot_bringup/hook/cmake_prefix_path.dsv'
[0.372s] INFO:colcon.colcon_core.shell:Creating environment hook '/home/wufy/ros2_ws/install/my_robot_bringup/share/my_robot_bringup/hook/cmake_prefix_path.sh'
[0.372s] Level 1:colcon.colcon_core.environment:checking '/home/wufy/ros2_ws/install/my_robot_bringup/bin'
[0.372s] Level 1:colcon.colcon_core.environment:checking '/home/wufy/ros2_ws/install/my_robot_bringup/lib/pkgconfig/my_robot_bringup.pc'
[0.372s] Level 1:colcon.colcon_core.environment:checking '/home/wufy/ros2_ws/install/my_robot_bringup/lib/python3.10/site-packages'
[0.372s] Level 1:colcon.colcon_core.environment:checking '/home/wufy/ros2_ws/install/my_robot_bringup/bin'
[0.372s] INFO:colcon.colcon_core.shell:Creating package script '/home/wufy/ros2_ws/install/my_robot_bringup/share/my_robot_bringup/package.ps1'
[0.373s] INFO:colcon.colcon_core.shell:Creating package descriptor '/home/wufy/ros2_ws/install/my_robot_bringup/share/my_robot_bringup/package.dsv'
[0.373s] INFO:colcon.colcon_core.shell:Creating package script '/home/wufy/ros2_ws/install/my_robot_bringup/share/my_robot_bringup/package.sh'
[0.373s] INFO:colcon.colcon_core.shell:Creating package script '/home/wufy/ros2_ws/install/my_robot_bringup/share/my_robot_bringup/package.bash'
[0.373s] INFO:colcon.colcon_core.shell:Creating package script '/home/wufy/ros2_ws/install/my_robot_bringup/share/my_robot_bringup/package.zsh'
[0.373s] Level 1:colcon.colcon_core.environment:create_file_with_runtime_dependencies(/home/wufy/ros2_ws/install/my_robot_bringup/share/colcon-core/packages/my_robot_bringup)
[0.477s] DEBUG:colcon.colcon_core.event_handler.log_command:Invoked command in '/home/wufy/ros2_ws/build/myrobot_controller' returned '0': CMAKE_PREFIX_PATH=${CMAKE_PREFIX_PATH}:/opt/ros/humble /usr/bin/cmake --build /home/wufy/ros2_ws/build/myrobot_controller -- -j16 -l16
[0.478s] DEBUG:colcon.colcon_core.event_handler.log_command:Invoking command in '/home/wufy/ros2_ws/build/myrobot_controller': CMAKE_PREFIX_PATH=${CMAKE_PREFIX_PATH}:/opt/ros/humble /usr/bin/cmake --install /home/wufy/ros2_ws/build/myrobot_controller
[0.522s] Level 1:colcon.colcon_core.environment:create_environment_scripts_only(myrobot_controller)
[0.522s] Level 1:colcon.colcon_core.environment:checking '/home/wufy/ros2_ws/install/myrobot_controller' for CMake module files
[0.522s] DEBUG:colcon.colcon_core.event_handler.log_command:Invoked command in '/home/wufy/ros2_ws/build/myrobot_controller' returned '0': CMAKE_PREFIX_PATH=${CMAKE_PREFIX_PATH}:/opt/ros/humble /usr/bin/cmake --install /home/wufy/ros2_ws/build/myrobot_controller
[0.523s] Level 1:colcon.colcon_core.environment:checking '/home/wufy/ros2_ws/install/myrobot_controller' for CMake config files
[0.523s] Level 1:colcon.colcon_core.shell:create_environment_hook('myrobot_controller', 'cmake_prefix_path')
[0.523s] INFO:colcon.colcon_core.shell:Creating environment hook '/home/wufy/ros2_ws/install/myrobot_controller/share/myrobot_controller/hook/cmake_prefix_path.ps1'
[0.524s] INFO:colcon.colcon_core.shell:Creating environment descriptor '/home/wufy/ros2_ws/install/myrobot_controller/share/myrobot_controller/hook/cmake_prefix_path.dsv'
[0.524s] INFO:colcon.colcon_core.shell:Creating environment hook '/home/wufy/ros2_ws/install/myrobot_controller/share/myrobot_controller/hook/cmake_prefix_path.sh'
[0.524s] Level 1:colcon.colcon_core.environment:checking '/home/wufy/ros2_ws/install/myrobot_controller/lib'
[0.524s] Level 1:colcon.colcon_core.environment:checking '/home/wufy/ros2_ws/install/myrobot_controller/bin'
[0.524s] Level 1:colcon.colcon_core.environment:checking '/home/wufy/ros2_ws/install/myrobot_controller/lib/pkgconfig/myrobot_controller.pc'
[0.524s] Level 1:colcon.colcon_core.environment:checking '/home/wufy/ros2_ws/install/myrobot_controller/lib/python3.10/site-packages'
[0.524s] Level 1:colcon.colcon_core.environment:checking '/home/wufy/ros2_ws/install/myrobot_controller/bin'
[0.525s] INFO:colcon.colcon_core.shell:Creating package script '/home/wufy/ros2_ws/install/myrobot_controller/share/myrobot_controller/package.ps1'
[0.525s] INFO:colcon.colcon_core.shell:Creating package descriptor '/home/wufy/ros2_ws/install/myrobot_controller/share/myrobot_controller/package.dsv'
[0.525s] INFO:colcon.colcon_core.shell:Creating package script '/home/wufy/ros2_ws/install/myrobot_controller/share/myrobot_controller/package.sh'
[0.525s] INFO:colcon.colcon_core.shell:Creating package script '/home/wufy/ros2_ws/install/myrobot_controller/share/myrobot_controller/package.bash'
[0.525s] INFO:colcon.colcon_core.shell:Creating package script '/home/wufy/ros2_ws/install/myrobot_controller/share/myrobot_controller/package.zsh'
[0.526s] Level 1:colcon.colcon_core.environment:create_file_with_runtime_dependencies(/home/wufy/ros2_ws/install/myrobot_controller/share/colcon-core/packages/myrobot_controller)
[0.526s] Level 1:colcon.colcon_core.environment:create_environment_scripts_only(myrobot_controller)
[0.526s] Level 1:colcon.colcon_core.environment:checking '/home/wufy/ros2_ws/install/myrobot_controller' for CMake module files
[0.526s] Level 1:colcon.colcon_core.environment:checking '/home/wufy/ros2_ws/install/myrobot_controller' for CMake config files
[0.526s] Level 1:colcon.colcon_core.shell:create_environment_hook('myrobot_controller', 'cmake_prefix_path')
[0.527s] INFO:colcon.colcon_core.shell:Creating environment hook '/home/wufy/ros2_ws/install/myrobot_controller/share/myrobot_controller/hook/cmake_prefix_path.ps1'
[0.527s] INFO:colcon.colcon_core.shell:Creating environment descriptor '/home/wufy/ros2_ws/install/myrobot_controller/share/myrobot_controller/hook/cmake_prefix_path.dsv'
[0.527s] INFO:colcon.colcon_core.shell:Creating environment hook '/home/wufy/ros2_ws/install/myrobot_controller/share/myrobot_controller/hook/cmake_prefix_path.sh'
[0.527s] Level 1:colcon.colcon_core.environment:checking '/home/wufy/ros2_ws/install/myrobot_controller/lib'
[0.527s] Level 1:colcon.colcon_core.environment:checking '/home/wufy/ros2_ws/install/myrobot_controller/bin'
[0.527s] Level 1:colcon.colcon_core.environment:checking '/home/wufy/ros2_ws/install/myrobot_controller/lib/pkgconfig/myrobot_controller.pc'
[0.527s] Level 1:colcon.colcon_core.environment:checking '/home/wufy/ros2_ws/install/myrobot_controller/lib/python3.10/site-packages'
[0.528s] Level 1:colcon.colcon_core.environment:checking '/home/wufy/ros2_ws/install/myrobot_controller/bin'
[0.528s] INFO:colcon.colcon_core.shell:Creating package script '/home/wufy/ros2_ws/install/myrobot_controller/share/myrobot_controller/package.ps1'
[0.528s] INFO:colcon.colcon_core.shell:Creating package descriptor '/home/wufy/ros2_ws/install/myrobot_controller/share/myrobot_controller/package.dsv'
[0.528s] INFO:colcon.colcon_core.shell:Creating package script '/home/wufy/ros2_ws/install/myrobot_controller/share/myrobot_controller/package.sh'
[0.528s] INFO:colcon.colcon_core.shell:Creating package script '/home/wufy/ros2_ws/install/myrobot_controller/share/myrobot_controller/package.bash'
[0.529s] INFO:colcon.colcon_core.shell:Creating package script '/home/wufy/ros2_ws/install/myrobot_controller/share/myrobot_controller/package.zsh'
[0.529s] Level 1:colcon.colcon_core.environment:create_file_with_runtime_dependencies(/home/wufy/ros2_ws/install/myrobot_controller/share/colcon-core/packages/myrobot_controller)
[0.529s] DEBUG:colcon.colcon_parallel_executor.executor.parallel:closing loop
[0.529s] DEBUG:colcon.colcon_parallel_executor.executor.parallel:loop closed
[0.529s] DEBUG:colcon.colcon_parallel_executor.executor.parallel:run_until_complete finished with '0'
[0.529s] DEBUG:colcon.colcon_core.event_reactor:joining thread
[0.533s] INFO:colcon.colcon_core.plugin_system:Skipping extension 'colcon_notification.desktop_notification.terminal_notifier': Not used on non-Darwin systems
[0.533s] INFO:colcon.colcon_core.plugin_system:Skipping extension 'colcon_notification.desktop_notification.win32': Not used on non-Windows systems
[0.533s] INFO:colcon.colcon_notification.desktop_notification:Sending desktop notification using 'notify2'
[0.541s] DEBUG:colcon.colcon_core.event_reactor:joined thread
[0.541s] INFO:colcon.colcon_core.shell:Creating prefix script '/home/wufy/ros2_ws/install/local_setup.ps1'
[0.542s] INFO:colcon.colcon_core.shell:Creating prefix util module '/home/wufy/ros2_ws/install/_local_setup_util_ps1.py'
[0.543s] INFO:colcon.colcon_core.shell:Creating prefix chain script '/home/wufy/ros2_ws/install/setup.ps1'
[0.544s] INFO:colcon.colcon_core.shell:Creating prefix script '/home/wufy/ros2_ws/install/local_setup.sh'
[0.544s] INFO:colcon.colcon_core.shell:Creating prefix util module '/home/wufy/ros2_ws/install/_local_setup_util_sh.py'
[0.544s] INFO:colcon.colcon_core.shell:Creating prefix chain script '/home/wufy/ros2_ws/install/setup.sh'
[0.546s] INFO:colcon.colcon_core.shell:Creating prefix script '/home/wufy/ros2_ws/install/local_setup.bash'
[0.546s] INFO:colcon.colcon_core.shell:Creating prefix chain script '/home/wufy/ros2_ws/install/setup.bash'
[0.546s] INFO:colcon.colcon_core.shell:Creating prefix script '/home/wufy/ros2_ws/install/local_setup.zsh'
[0.547s] INFO:colcon.colcon_core.shell:Creating prefix chain script '/home/wufy/ros2_ws/install/setup.zsh'
